24-06-01.18:24:43.514 [main            ] INFO  StrategyArmoryDispatchTest - Starting StrategyArmoryDispatchTest using Java 1.8.0_402 on wyh-machine with PID 28308 (started by 98389 in E:\Java_code\MMarket\MMarket-app)
24-06-01.18:24:43.517 [main            ] INFO  StrategyArmoryDispatchTest - The following 1 profile is active: "dev"
24-06-01.18:24:45.075 [main            ] INFO  RepositoryConfigurationDelegate - Multiple Spring Data modules found, entering strict repository configuration mode
24-06-01.18:24:45.081 [main            ] INFO  RepositoryConfigurationDelegate - Bootstrapping Spring Data Redis repositories in DEFAULT mode.
24-06-01.18:24:45.137 [main            ] INFO  RepositoryConfigurationDelegate - Finished Spring Data repository scanning in 14 ms. Found 0 Redis repository interfaces.
24-06-01.18:24:48.404 [main            ] INFO  Version                - Redisson 3.23.4
24-06-01.18:24:51.140 [redisson-netty-2-8] INFO  MasterPubSubConnectionPool - 1 connections initialized for 117.72.77.81/117.72.77.81:16379
24-06-01.18:24:52.985 [redisson-netty-2-13] INFO  MasterConnectionPool   - 5 connections initialized for 117.72.77.81/117.72.77.81:16379
24-06-01.18:24:55.379 [main            ] INFO  EndpointLinksResolver  - Exposing 1 endpoint(s) beneath base path '/actuator'
24-06-01.18:24:55.497 [main            ] INFO  StrategyArmoryDispatchTest - Started StrategyArmoryDispatchTest in 12.574 seconds (JVM running for 13.999)
24-06-01.18:24:56.462 [main            ] INFO  HikariDataSource       - Retail_HikariCP - Starting...
24-06-01.18:25:00.495 [main            ] INFO  HikariDataSource       - Retail_HikariCP - Start completed.
24-06-01.18:25:06.227 [main            ] INFO  StrategyArmoryDispatchTest - test_assembleLotteryStrategy 测试结果：true
24-06-01.18:25:06.873 [main            ] INFO  StrategyArmoryDispatchTest - 测试结果：102 - 4000 策略配置
24-06-01.18:25:07.515 [main            ] INFO  StrategyArmoryDispatchTest - 测试结果：102 - 5000 策略配置
24-06-01.18:25:08.143 [main            ] INFO  StrategyArmoryDispatchTest - 测试结果：103 - 6000 策略配置
24-06-01.18:25:08.525 [SpringApplicationShutdownHook] INFO  HikariDataSource       - Retail_HikariCP - Shutdown initiated...
24-06-01.18:25:09.828 [SpringApplicationShutdownHook] INFO  HikariDataSource       - Retail_HikariCP - Shutdown completed.
24-06-01.18:32:26.906 [main            ] INFO  StrategyArmoryDispatchTest - Starting StrategyArmoryDispatchTest using Java 1.8.0_402 on wyh-machine with PID 7188 (started by 98389 in E:\Java_code\MMarket\MMarket-app)
24-06-01.18:32:26.907 [main            ] INFO  StrategyArmoryDispatchTest - The following 1 profile is active: "dev"
24-06-01.18:32:28.353 [main            ] INFO  RepositoryConfigurationDelegate - Multiple Spring Data modules found, entering strict repository configuration mode
24-06-01.18:32:28.358 [main            ] INFO  RepositoryConfigurationDelegate - Bootstrapping Spring Data Redis repositories in DEFAULT mode.
24-06-01.18:32:28.411 [main            ] INFO  RepositoryConfigurationDelegate - Finished Spring Data repository scanning in 23 ms. Found 0 Redis repository interfaces.
24-06-01.18:32:31.660 [main            ] INFO  Version                - Redisson 3.23.4
24-06-01.18:32:33.859 [redisson-netty-2-4] INFO  MasterPubSubConnectionPool - 1 connections initialized for 117.72.77.81/117.72.77.81:16379
24-06-01.18:32:36.524 [redisson-netty-2-13] INFO  MasterConnectionPool   - 5 connections initialized for 117.72.77.81/117.72.77.81:16379
24-06-01.18:32:39.956 [main            ] INFO  EndpointLinksResolver  - Exposing 1 endpoint(s) beneath base path '/actuator'
24-06-01.18:32:40.085 [main            ] INFO  StrategyArmoryDispatchTest - Started StrategyArmoryDispatchTest in 13.869 seconds (JVM running for 17.019)
24-06-01.18:32:40.485 [main            ] ERROR TestContextManager     - Caught exception while allowing TestExecutionListener [org.springframework.boot.test.autoconfigure.SpringBootDependencyInjectionTestExecutionListener@45b4c3a9] to prepare test instance [cn.learn.test.domain.StrategyArmoryDispatchTest@714f1a44]
org.springframework.beans.factory.BeanCreationException: Error creating bean with name 'cn.learn.test.domain.StrategyArmoryDispatchTest': Injection of resource dependencies failed; nested exception is org.springframework.beans.factory.BeanCreationNotAllowedException: Error creating bean with name 'strategyArmoryDispatch': Singleton bean creation not allowed while singletons of this factory are in destruction (Do not request a bean from a BeanFactory in a destroy method implementation!)
	at org.springframework.context.annotation.CommonAnnotationBeanPostProcessor.postProcessProperties(CommonAnnotationBeanPostProcessor.java:332)
	at org.springframework.beans.factory.support.AbstractAutowireCapableBeanFactory.populateBean(AbstractAutowireCapableBeanFactory.java:1431)
	at org.springframework.beans.factory.support.AbstractAutowireCapableBeanFactory.autowireBeanProperties(AbstractAutowireCapableBeanFactory.java:417)
	at org.springframework.test.context.support.DependencyInjectionTestExecutionListener.injectDependencies(DependencyInjectionTestExecutionListener.java:119)
	at org.springframework.test.context.support.DependencyInjectionTestExecutionListener.prepareTestInstance(DependencyInjectionTestExecutionListener.java:83)
	at org.springframework.boot.test.autoconfigure.SpringBootDependencyInjectionTestExecutionListener.prepareTestInstance(SpringBootDependencyInjectionTestExecutionListener.java:43)
	at org.springframework.test.context.TestContextManager.prepareTestInstance(TestContextManager.java:248)
	at org.springframework.test.context.junit4.SpringJUnit4ClassRunner.createTest(SpringJUnit4ClassRunner.java:227)
	at org.springframework.test.context.junit4.SpringJUnit4ClassRunner$1.runReflectiveCall(SpringJUnit4ClassRunner.java:289)
	at org.junit.internal.runners.model.ReflectiveCallable.run(ReflectiveCallable.java:12)
	at org.springframework.test.context.junit4.SpringJUnit4ClassRunner.methodBlock(SpringJUnit4ClassRunner.java:291)
	at org.springframework.test.context.junit4.SpringJUnit4ClassRunner.runChild(SpringJUnit4ClassRunner.java:246)
	at org.springframework.test.context.junit4.SpringJUnit4ClassRunner.runChild(SpringJUnit4ClassRunner.java:97)
	at org.junit.runners.ParentRunner$4.run(ParentRunner.java:331)
	at org.junit.runners.ParentRunner$1.schedule(ParentRunner.java:79)
	at org.junit.runners.ParentRunner.runChildren(ParentRunner.java:329)
	at org.junit.runners.ParentRunner.access$100(ParentRunner.java:66)
	at org.junit.runners.ParentRunner$2.evaluate(ParentRunner.java:293)
	at org.springframework.test.context.junit4.statements.RunBeforeTestClassCallbacks.evaluate(RunBeforeTestClassCallbacks.java:61)
	at org.springframework.test.context.junit4.statements.RunAfterTestClassCallbacks.evaluate(RunAfterTestClassCallbacks.java:70)
	at org.junit.runners.ParentRunner$3.evaluate(ParentRunner.java:306)
	at org.junit.runners.ParentRunner.run(ParentRunner.java:413)
	at org.springframework.test.context.junit4.SpringJUnit4ClassRunner.run(SpringJUnit4ClassRunner.java:190)
	at org.junit.runner.JUnitCore.run(JUnitCore.java:137)
	at com.intellij.junit4.JUnit4IdeaTestRunner.startRunnerWithArgs(JUnit4IdeaTestRunner.java:69)
	at com.intellij.rt.junit.IdeaTestRunner$Repeater$1.execute(IdeaTestRunner.java:38)
	at com.intellij.rt.execution.junit.TestsRepeater.repeat(TestsRepeater.java:11)
	at com.intellij.rt.junit.IdeaTestRunner$Repeater.startRunnerWithArgs(IdeaTestRunner.java:35)
	at com.intellij.rt.junit.JUnitStarter.prepareStreamsAndStart(JUnitStarter.java:232)
	at com.intellij.rt.junit.JUnitStarter.main(JUnitStarter.java:55)
Caused by: org.springframework.beans.factory.BeanCreationNotAllowedException: Error creating bean with name 'strategyArmoryDispatch': Singleton bean creation not allowed while singletons of this factory are in destruction (Do not request a bean from a BeanFactory in a destroy method implementation!)
	at org.springframework.beans.factory.support.DefaultSingletonBeanRegistry.getSingleton(DefaultSingletonBeanRegistry.java:220)
	at org.springframework.beans.factory.support.AbstractBeanFactory.doGetBean(AbstractBeanFactory.java:333)
	at org.springframework.beans.factory.support.AbstractBeanFactory.getBean(AbstractBeanFactory.java:208)
	at org.springframework.beans.factory.config.DependencyDescriptor.resolveCandidate(DependencyDescriptor.java:276)
	at org.springframework.beans.factory.support.DefaultListableBeanFactory.doResolveDependency(DefaultListableBeanFactory.java:1391)
	at org.springframework.beans.factory.support.DefaultListableBeanFactory.resolveDependency(DefaultListableBeanFactory.java:1311)
	at org.springframework.context.annotation.CommonAnnotationBeanPostProcessor.autowireResource(CommonAnnotationBeanPostProcessor.java:544)
	at org.springframework.context.annotation.CommonAnnotationBeanPostProcessor.getResource(CommonAnnotationBeanPostProcessor.java:520)
	at org.springframework.context.annotation.CommonAnnotationBeanPostProcessor$ResourceElement.getResourceToInject(CommonAnnotationBeanPostProcessor.java:673)
	at org.springframework.beans.factory.annotation.InjectionMetadata$InjectedElement.inject(InjectionMetadata.java:228)
	at org.springframework.beans.factory.annotation.InjectionMetadata.inject(InjectionMetadata.java:119)
	at org.springframework.context.annotation.CommonAnnotationBeanPostProcessor.postProcessProperties(CommonAnnotationBeanPostProcessor.java:329)
	... 29 common frames omitted
24-06-01.18:33:23.644 [main            ] INFO  StrategyArmoryDispatchTest - Starting StrategyArmoryDispatchTest using Java 1.8.0_402 on wyh-machine with PID 29084 (started by 98389 in E:\Java_code\MMarket\MMarket-app)
24-06-01.18:33:23.648 [main            ] INFO  StrategyArmoryDispatchTest - The following 1 profile is active: "dev"
24-06-01.18:33:24.900 [main            ] INFO  RepositoryConfigurationDelegate - Multiple Spring Data modules found, entering strict repository configuration mode
24-06-01.18:33:24.905 [main            ] INFO  RepositoryConfigurationDelegate - Bootstrapping Spring Data Redis repositories in DEFAULT mode.
24-06-01.18:33:24.947 [main            ] INFO  RepositoryConfigurationDelegate - Finished Spring Data repository scanning in 15 ms. Found 0 Redis repository interfaces.
24-06-01.18:33:27.913 [main            ] INFO  Version                - Redisson 3.23.4
24-06-01.18:33:29.991 [redisson-netty-2-4] INFO  MasterPubSubConnectionPool - 1 connections initialized for 117.72.77.81/117.72.77.81:16379
24-06-01.18:33:32.595 [redisson-netty-2-13] INFO  MasterConnectionPool   - 5 connections initialized for 117.72.77.81/117.72.77.81:16379
24-06-01.18:33:35.695 [main            ] INFO  EndpointLinksResolver  - Exposing 1 endpoint(s) beneath base path '/actuator'
24-06-01.18:33:35.813 [main            ] INFO  StrategyArmoryDispatchTest - Started StrategyArmoryDispatchTest in 12.811 seconds (JVM running for 14.389)
24-06-01.18:36:53.705 [main            ] INFO  StrategyArmoryDispatchTest - Starting StrategyArmoryDispatchTest using Java 1.8.0_402 on wyh-machine with PID 18872 (started by 98389 in E:\Java_code\MMarket\MMarket-app)
24-06-01.18:36:53.707 [main            ] INFO  StrategyArmoryDispatchTest - The following 1 profile is active: "dev"
24-06-01.18:36:54.916 [main            ] INFO  RepositoryConfigurationDelegate - Multiple Spring Data modules found, entering strict repository configuration mode
24-06-01.18:36:54.921 [main            ] INFO  RepositoryConfigurationDelegate - Bootstrapping Spring Data Redis repositories in DEFAULT mode.
24-06-01.18:36:54.961 [main            ] INFO  RepositoryConfigurationDelegate - Finished Spring Data repository scanning in 16 ms. Found 0 Redis repository interfaces.
24-06-01.18:36:57.828 [main            ] INFO  Version                - Redisson 3.23.4
24-06-01.18:37:00.416 [redisson-netty-2-6] INFO  MasterPubSubConnectionPool - 1 connections initialized for 117.72.77.81/117.72.77.81:16379
24-06-01.18:37:02.378 [redisson-netty-2-13] INFO  MasterConnectionPool   - 5 connections initialized for 117.72.77.81/117.72.77.81:16379
24-06-01.18:37:05.434 [main            ] INFO  EndpointLinksResolver  - Exposing 1 endpoint(s) beneath base path '/actuator'
24-06-01.18:37:05.539 [main            ] INFO  StrategyArmoryDispatchTest - Started StrategyArmoryDispatchTest in 12.436 seconds (JVM running for 14.594)
24-06-01.19:03:08.010 [redisson-timer-4-1] ERROR PingConnectionHandler  - Unable to send PING command over channel: [id: 0x970f20b4, L:/192.168.1.8:52330 - R:117.72.77.81/117.72.77.81:16379]
org.redisson.client.RedisTimeoutException: Command execution timeout for command: (PING), params: [], Redis client: [addr=redis://117.72.77.81:16379]
	at org.redisson.client.RedisConnection.lambda$async$0(RedisConnection.java:256)
	at io.netty.util.HashedWheelTimer$HashedWheelTimeout.run(HashedWheelTimer.java:715)
	at io.netty.util.concurrent.ImmediateExecutor.execute(ImmediateExecutor.java:34)
	at io.netty.util.HashedWheelTimer$HashedWheelTimeout.expire(HashedWheelTimer.java:703)
	at io.netty.util.HashedWheelTimer$HashedWheelBucket.expireTimeouts(HashedWheelTimer.java:790)
	at io.netty.util.HashedWheelTimer$Worker.run(HashedWheelTimer.java:503)
	at io.netty.util.concurrent.FastThreadLocalRunnable.run(FastThreadLocalRunnable.java:30)
	at java.lang.Thread.run(Thread.java:750)
24-06-01.20:04:25.992 [main            ] INFO  StrategyArmoryDispatchTest - Starting StrategyArmoryDispatchTest using Java 1.8.0_402 on wyh-machine with PID 23800 (started by 98389 in E:\Java_code\MMarket\MMarket-app)
24-06-01.20:04:25.995 [main            ] INFO  StrategyArmoryDispatchTest - The following 1 profile is active: "dev"
24-06-01.20:04:27.353 [main            ] INFO  RepositoryConfigurationDelegate - Multiple Spring Data modules found, entering strict repository configuration mode
24-06-01.20:04:27.358 [main            ] INFO  RepositoryConfigurationDelegate - Bootstrapping Spring Data Redis repositories in DEFAULT mode.
24-06-01.20:04:27.404 [main            ] INFO  RepositoryConfigurationDelegate - Finished Spring Data repository scanning in 16 ms. Found 0 Redis repository interfaces.
24-06-01.20:04:30.270 [main            ] INFO  Version                - Redisson 3.23.4
24-06-01.20:04:32.239 [redisson-netty-2-5] INFO  MasterPubSubConnectionPool - 1 connections initialized for 117.72.77.81/117.72.77.81:16379
24-06-01.20:04:34.919 [redisson-netty-2-13] INFO  MasterConnectionPool   - 5 connections initialized for 117.72.77.81/117.72.77.81:16379
24-06-01.20:04:37.525 [main            ] INFO  EndpointLinksResolver  - Exposing 1 endpoint(s) beneath base path '/actuator'
24-06-01.20:04:37.625 [main            ] INFO  StrategyArmoryDispatchTest - Started StrategyArmoryDispatchTest in 12.215 seconds (JVM running for 13.492)
24-06-01.20:04:40.083 [main            ] INFO  HikariDataSource       - Retail_HikariCP - Starting...
24-06-01.20:04:44.021 [main            ] INFO  HikariDataSource       - Retail_HikariCP - Start completed.
24-06-01.20:04:46.693 [main            ] INFO  StrategyArmoryDispatchTest - test_assembleLotteryStrategy 测试结果：true
24-06-01.20:04:47.333 [main            ] INFO  StrategyArmoryDispatchTest - 测试结果：103 - 4000 策略配置
24-06-01.20:04:48.003 [main            ] INFO  StrategyArmoryDispatchTest - 测试结果：102 - 5000 策略配置
24-06-01.20:04:48.645 [main            ] INFO  StrategyArmoryDispatchTest - 测试结果：106 - 6000 策略配置
24-06-01.20:04:49.499 [SpringApplicationShutdownHook] INFO  HikariDataSource       - Retail_HikariCP - Shutdown initiated...
24-06-01.20:04:50.472 [SpringApplicationShutdownHook] INFO  HikariDataSource       - Retail_HikariCP - Shutdown completed.
