24-06-16.17:02:30.922 [main            ] INFO  LogicChainTest         - Starting LogicChainTest using Java 1.8.0_402 on wyh-machine with PID 22284 (started by 98389 in E:\Java_code\MMarket\MMarket-app)
24-06-16.17:02:30.923 [main            ] INFO  LogicChainTest         - The following 1 profile is active: "dev"
24-06-16.17:02:31.924 [main            ] INFO  RepositoryConfigurationDelegate - Multiple Spring Data modules found, entering strict repository configuration mode
24-06-16.17:02:31.927 [main            ] INFO  RepositoryConfigurationDelegate - Bootstrapping Spring Data Redis repositories in DEFAULT mode.
24-06-16.17:02:31.958 [main            ] INFO  RepositoryConfigurationDelegate - Finished Spring Data repository scanning in 11 ms. Found 0 Redis repository interfaces.
24-06-16.17:02:33.967 [main            ] INFO  Version                - Redisson 3.23.4
24-06-16.17:02:36.486 [redisson-netty-2-6] INFO  MasterPubSubConnectionPool - 1 connections initialized for 117.72.77.81/117.72.77.81:16379
24-06-16.17:02:36.912 [redisson-netty-2-13] INFO  MasterConnectionPool   - 5 connections initialized for 117.72.77.81/117.72.77.81:16379
24-06-16.17:02:39.386 [main            ] INFO  EndpointLinksResolver  - Exposing 1 endpoint(s) beneath base path '/actuator'
24-06-16.17:02:39.488 [main            ] INFO  LogicChainTest         - Started LogicChainTest in 8.941 seconds (JVM running for 9.866)
24-06-16.17:02:40.486 [main            ] INFO  HikariDataSource       - Retail_HikariCP - Starting...
24-06-16.17:02:41.619 [main            ] INFO  HikariDataSource       - Retail_HikariCP - Start completed.
24-06-16.17:02:42.005 [main            ] INFO  LogicChainTest         - 测试结果：true
24-06-16.17:02:42.564 [SpringApplicationShutdownHook] INFO  HikariDataSource       - Retail_HikariCP - Shutdown initiated...
24-06-16.17:02:43.938 [SpringApplicationShutdownHook] INFO  HikariDataSource       - Retail_HikariCP - Shutdown completed.
24-06-16.17:07:28.819 [main            ] INFO  LogicChainTest         - Starting LogicChainTest using Java 1.8.0_402 on wyh-machine with PID 16992 (started by 98389 in E:\Java_code\MMarket\MMarket-app)
24-06-16.17:07:28.820 [main            ] INFO  LogicChainTest         - The following 1 profile is active: "dev"
24-06-16.17:07:29.555 [main            ] INFO  RepositoryConfigurationDelegate - Multiple Spring Data modules found, entering strict repository configuration mode
24-06-16.17:07:29.558 [main            ] INFO  RepositoryConfigurationDelegate - Bootstrapping Spring Data Redis repositories in DEFAULT mode.
24-06-16.17:07:29.583 [main            ] INFO  RepositoryConfigurationDelegate - Finished Spring Data repository scanning in 15 ms. Found 0 Redis repository interfaces.
24-06-16.17:07:31.300 [main            ] INFO  Version                - Redisson 3.23.4
24-06-16.17:07:32.395 [redisson-netty-2-5] INFO  MasterPubSubConnectionPool - 1 connections initialized for 117.72.77.81/117.72.77.81:16379
24-06-16.17:07:32.795 [redisson-netty-2-13] INFO  MasterConnectionPool   - 5 connections initialized for 117.72.77.81/117.72.77.81:16379
24-06-16.17:07:34.525 [main            ] INFO  EndpointLinksResolver  - Exposing 1 endpoint(s) beneath base path '/actuator'
24-06-16.17:07:34.582 [main            ] INFO  LogicChainTest         - Started LogicChainTest in 6.083 seconds (JVM running for 6.782)
24-06-16.17:07:35.290 [main            ] INFO  HikariDataSource       - Retail_HikariCP - Starting...
24-06-16.17:07:36.049 [main            ] INFO  HikariDataSource       - Retail_HikariCP - Start completed.
24-06-16.17:07:36.478 [main            ] INFO  LogicChainTest         - 测试结果：true
24-06-16.17:07:36.855 [SpringApplicationShutdownHook] INFO  HikariDataSource       - Retail_HikariCP - Shutdown initiated...
24-06-16.17:07:37.113 [SpringApplicationShutdownHook] INFO  HikariDataSource       - Retail_HikariCP - Shutdown completed.
24-06-16.17:07:57.029 [main            ] INFO  LogicChainTest         - Starting LogicChainTest using Java 1.8.0_402 on wyh-machine with PID 19044 (started by 98389 in E:\Java_code\MMarket\MMarket-app)
24-06-16.17:07:57.030 [main            ] INFO  LogicChainTest         - The following 1 profile is active: "dev"
24-06-16.17:07:57.809 [main            ] INFO  RepositoryConfigurationDelegate - Multiple Spring Data modules found, entering strict repository configuration mode
24-06-16.17:07:57.812 [main            ] INFO  RepositoryConfigurationDelegate - Bootstrapping Spring Data Redis repositories in DEFAULT mode.
24-06-16.17:07:57.840 [main            ] INFO  RepositoryConfigurationDelegate - Finished Spring Data repository scanning in 13 ms. Found 0 Redis repository interfaces.
24-06-16.17:07:59.545 [main            ] INFO  Version                - Redisson 3.23.4
24-06-16.17:08:00.607 [redisson-netty-2-4] INFO  MasterPubSubConnectionPool - 1 connections initialized for 117.72.77.81/117.72.77.81:16379
24-06-16.17:08:01.018 [redisson-netty-2-13] INFO  MasterConnectionPool   - 5 connections initialized for 117.72.77.81/117.72.77.81:16379
24-06-16.17:08:02.750 [main            ] INFO  EndpointLinksResolver  - Exposing 1 endpoint(s) beneath base path '/actuator'
24-06-16.17:08:02.822 [main            ] INFO  LogicChainTest         - Started LogicChainTest in 6.11 seconds (JVM running for 6.811)
24-06-16.17:08:03.606 [main            ] INFO  HikariDataSource       - Retail_HikariCP - Starting...
24-06-16.17:08:04.376 [main            ] INFO  HikariDataSource       - Retail_HikariCP - Start completed.
24-06-16.17:08:04.817 [main            ] INFO  LogicChainTest         - 测试结果：true
24-06-16.17:08:04.867 [main            ] INFO  RuleWeightLogicChain   - 抽奖责任链-权重开始 userId: user001 strategyId: 100001 ruleModel: rule_weight
24-06-16.17:08:04.935 [main            ] INFO  RuleWeightLogicChain   - 抽奖责任链-【权重节点】 userId: user001 strategyId: 100001 ruleModel: rule_weight
24-06-16.17:08:04.935 [main            ] INFO  BlackListLogicChain    - 抽奖责任链-黑名单开始 userId: user001 strategyId: 100001 ruleModel: rule_blacklist
24-06-16.17:08:04.983 [main            ] INFO  BlackListLogicChain    - 抽奖责任链-【黑名单节点】 userId: user001 strategyId: 100001 ruleModel: rule_blacklist awardId: 100
24-06-16.17:08:04.983 [main            ] INFO  LogicChainTest         - 测试结果：100
24-06-16.17:08:04.983 [main            ] INFO  RuleWeightLogicChain   - 抽奖责任链-权重开始 userId: user001 strategyId: 100001 ruleModel: rule_weight
24-06-16.17:08:05.028 [main            ] INFO  RuleWeightLogicChain   - 抽奖责任链-【权重节点】 userId: user001 strategyId: 100001 ruleModel: rule_weight
24-06-16.17:08:05.028 [main            ] INFO  BlackListLogicChain    - 抽奖责任链-黑名单开始 userId: user001 strategyId: 100001 ruleModel: rule_blacklist
24-06-16.17:08:05.080 [main            ] INFO  BlackListLogicChain    - 抽奖责任链-【黑名单节点】 userId: user001 strategyId: 100001 ruleModel: rule_blacklist awardId: 100
24-06-16.17:08:05.080 [main            ] INFO  LogicChainTest         - 测试结果：100
24-06-16.17:08:05.080 [main            ] INFO  RuleWeightLogicChain   - 抽奖责任链-权重开始 userId: user001 strategyId: 100001 ruleModel: rule_weight
24-06-16.17:08:05.133 [main            ] INFO  RuleWeightLogicChain   - 抽奖责任链-【权重节点】 userId: user001 strategyId: 100001 ruleModel: rule_weight
24-06-16.17:08:05.133 [main            ] INFO  BlackListLogicChain    - 抽奖责任链-黑名单开始 userId: user001 strategyId: 100001 ruleModel: rule_blacklist
24-06-16.17:08:05.185 [main            ] INFO  BlackListLogicChain    - 抽奖责任链-【黑名单节点】 userId: user001 strategyId: 100001 ruleModel: rule_blacklist awardId: 100
24-06-16.17:08:05.185 [main            ] INFO  LogicChainTest         - 测试结果：100
24-06-16.17:08:05.185 [main            ] INFO  RuleWeightLogicChain   - 抽奖责任链-权重开始 userId: user001 strategyId: 100001 ruleModel: rule_weight
24-06-16.17:08:05.247 [main            ] INFO  RuleWeightLogicChain   - 抽奖责任链-【权重节点】 userId: user001 strategyId: 100001 ruleModel: rule_weight
24-06-16.17:08:05.247 [main            ] INFO  BlackListLogicChain    - 抽奖责任链-黑名单开始 userId: user001 strategyId: 100001 ruleModel: rule_blacklist
24-06-16.17:08:05.296 [main            ] INFO  BlackListLogicChain    - 抽奖责任链-【黑名单节点】 userId: user001 strategyId: 100001 ruleModel: rule_blacklist awardId: 100
24-06-16.17:08:05.296 [main            ] INFO  LogicChainTest         - 测试结果：100
24-06-16.17:08:05.296 [main            ] INFO  RuleWeightLogicChain   - 抽奖责任链-权重开始 userId: user001 strategyId: 100001 ruleModel: rule_weight
24-06-16.17:08:05.353 [main            ] INFO  RuleWeightLogicChain   - 抽奖责任链-【权重节点】 userId: user001 strategyId: 100001 ruleModel: rule_weight
24-06-16.17:08:05.353 [main            ] INFO  BlackListLogicChain    - 抽奖责任链-黑名单开始 userId: user001 strategyId: 100001 ruleModel: rule_blacklist
24-06-16.17:08:05.415 [main            ] INFO  BlackListLogicChain    - 抽奖责任链-【黑名单节点】 userId: user001 strategyId: 100001 ruleModel: rule_blacklist awardId: 100
24-06-16.17:08:05.415 [main            ] INFO  LogicChainTest         - 测试结果：100
24-06-16.17:08:05.503 [SpringApplicationShutdownHook] INFO  HikariDataSource       - Retail_HikariCP - Shutdown initiated...
24-06-16.17:08:05.992 [SpringApplicationShutdownHook] INFO  HikariDataSource       - Retail_HikariCP - Shutdown completed.
24-06-16.17:08:53.637 [main            ] INFO  LogicChainTest         - Starting LogicChainTest using Java 1.8.0_402 on wyh-machine with PID 2924 (started by 98389 in E:\Java_code\MMarket\MMarket-app)
24-06-16.17:08:53.640 [main            ] INFO  LogicChainTest         - The following 1 profile is active: "dev"
24-06-16.17:08:54.483 [main            ] INFO  RepositoryConfigurationDelegate - Multiple Spring Data modules found, entering strict repository configuration mode
24-06-16.17:08:54.485 [main            ] INFO  RepositoryConfigurationDelegate - Bootstrapping Spring Data Redis repositories in DEFAULT mode.
24-06-16.17:08:54.510 [main            ] INFO  RepositoryConfigurationDelegate - Finished Spring Data repository scanning in 14 ms. Found 0 Redis repository interfaces.
24-06-16.17:08:56.216 [main            ] INFO  Version                - Redisson 3.23.4
24-06-16.17:08:57.416 [redisson-netty-2-5] INFO  MasterPubSubConnectionPool - 1 connections initialized for 117.72.77.81/117.72.77.81:16379
24-06-16.17:08:57.943 [redisson-netty-2-13] INFO  MasterConnectionPool   - 5 connections initialized for 117.72.77.81/117.72.77.81:16379
24-06-16.17:08:59.728 [main            ] INFO  EndpointLinksResolver  - Exposing 1 endpoint(s) beneath base path '/actuator'
24-06-16.17:08:59.795 [main            ] INFO  LogicChainTest         - Started LogicChainTest in 6.573 seconds (JVM running for 7.4)
24-06-16.17:09:00.648 [main            ] INFO  HikariDataSource       - Retail_HikariCP - Starting...
24-06-16.17:09:01.497 [main            ] INFO  HikariDataSource       - Retail_HikariCP - Start completed.
24-06-16.17:09:01.916 [main            ] INFO  LogicChainTest         - 测试结果：true
24-06-16.17:09:01.983 [main            ] INFO  RuleWeightLogicChain   - 抽奖责任链-权重开始 userId: joyboy strategyId: 100001 ruleModel: rule_weight
24-06-16.17:09:02.153 [main            ] INFO  RuleWeightLogicChain   - 抽奖责任链-【权重节点】 userId: joyboy strategyId: 100001 ruleModel: rule_weight awardId: 109
24-06-16.17:09:02.153 [main            ] INFO  BlackListLogicChain    - 抽奖责任链-黑名单开始 userId: joyboy strategyId: 100001 ruleModel: rule_blacklist
24-06-16.17:09:02.223 [main            ] INFO  BlackListLogicChain    - 抽奖责任链-【黑名单节点】 userId: joyboy strategyId: 100001 ruleModel: rule_blacklist awardId: 100
24-06-16.17:09:02.316 [main            ] INFO  DefaultLogicChain      - 抽奖责任链-【默认处理节点】 userId: joyboy strategyId: 100001 ruleModel: default awardId: 104
24-06-16.17:09:02.316 [main            ] INFO  LogicChainTest         - 测试结果：104
24-06-16.17:09:02.316 [main            ] INFO  RuleWeightLogicChain   - 抽奖责任链-权重开始 userId: joyboy strategyId: 100001 ruleModel: rule_weight
24-06-16.17:09:02.458 [main            ] INFO  RuleWeightLogicChain   - 抽奖责任链-【权重节点】 userId: joyboy strategyId: 100001 ruleModel: rule_weight awardId: 109
24-06-16.17:09:02.458 [main            ] INFO  BlackListLogicChain    - 抽奖责任链-黑名单开始 userId: joyboy strategyId: 100001 ruleModel: rule_blacklist
24-06-16.17:09:02.519 [main            ] INFO  BlackListLogicChain    - 抽奖责任链-【黑名单节点】 userId: joyboy strategyId: 100001 ruleModel: rule_blacklist awardId: 100
24-06-16.17:09:02.619 [main            ] INFO  DefaultLogicChain      - 抽奖责任链-【默认处理节点】 userId: joyboy strategyId: 100001 ruleModel: default awardId: 103
24-06-16.17:09:02.619 [main            ] INFO  LogicChainTest         - 测试结果：103
24-06-16.17:09:02.619 [main            ] INFO  RuleWeightLogicChain   - 抽奖责任链-权重开始 userId: joyboy strategyId: 100001 ruleModel: rule_weight
24-06-16.17:09:02.781 [main            ] INFO  RuleWeightLogicChain   - 抽奖责任链-【权重节点】 userId: joyboy strategyId: 100001 ruleModel: rule_weight awardId: 108
24-06-16.17:09:02.782 [main            ] INFO  BlackListLogicChain    - 抽奖责任链-黑名单开始 userId: joyboy strategyId: 100001 ruleModel: rule_blacklist
24-06-16.17:09:02.827 [main            ] INFO  BlackListLogicChain    - 抽奖责任链-【黑名单节点】 userId: joyboy strategyId: 100001 ruleModel: rule_blacklist awardId: 100
24-06-16.17:09:02.927 [main            ] INFO  DefaultLogicChain      - 抽奖责任链-【默认处理节点】 userId: joyboy strategyId: 100001 ruleModel: default awardId: 103
24-06-16.17:09:02.927 [main            ] INFO  LogicChainTest         - 测试结果：103
24-06-16.17:09:02.928 [main            ] INFO  RuleWeightLogicChain   - 抽奖责任链-权重开始 userId: joyboy strategyId: 100001 ruleModel: rule_weight
24-06-16.17:09:03.110 [main            ] INFO  RuleWeightLogicChain   - 抽奖责任链-【权重节点】 userId: joyboy strategyId: 100001 ruleModel: rule_weight awardId: 108
24-06-16.17:09:03.112 [main            ] INFO  BlackListLogicChain    - 抽奖责任链-黑名单开始 userId: joyboy strategyId: 100001 ruleModel: rule_blacklist
24-06-16.17:09:03.158 [main            ] INFO  BlackListLogicChain    - 抽奖责任链-【黑名单节点】 userId: joyboy strategyId: 100001 ruleModel: rule_blacklist awardId: 100
24-06-16.17:09:03.254 [main            ] INFO  DefaultLogicChain      - 抽奖责任链-【默认处理节点】 userId: joyboy strategyId: 100001 ruleModel: default awardId: 105
24-06-16.17:09:03.254 [main            ] INFO  LogicChainTest         - 测试结果：105
24-06-16.17:09:03.255 [main            ] INFO  RuleWeightLogicChain   - 抽奖责任链-权重开始 userId: joyboy strategyId: 100001 ruleModel: rule_weight
24-06-16.17:09:03.395 [main            ] INFO  RuleWeightLogicChain   - 抽奖责任链-【权重节点】 userId: joyboy strategyId: 100001 ruleModel: rule_weight awardId: 109
24-06-16.17:09:03.395 [main            ] INFO  BlackListLogicChain    - 抽奖责任链-黑名单开始 userId: joyboy strategyId: 100001 ruleModel: rule_blacklist
24-06-16.17:09:03.442 [main            ] INFO  BlackListLogicChain    - 抽奖责任链-【黑名单节点】 userId: joyboy strategyId: 100001 ruleModel: rule_blacklist awardId: 100
24-06-16.17:09:03.538 [main            ] INFO  DefaultLogicChain      - 抽奖责任链-【默认处理节点】 userId: joyboy strategyId: 100001 ruleModel: default awardId: 101
24-06-16.17:09:03.539 [main            ] INFO  LogicChainTest         - 测试结果：101
24-06-16.17:09:03.627 [SpringApplicationShutdownHook] INFO  HikariDataSource       - Retail_HikariCP - Shutdown initiated...
24-06-16.17:09:04.003 [SpringApplicationShutdownHook] INFO  HikariDataSource       - Retail_HikariCP - Shutdown completed.
24-06-16.17:10:07.340 [main            ] INFO  LogicChainTest         - Starting LogicChainTest using Java 1.8.0_402 on wyh-machine with PID 26220 (started by 98389 in E:\Java_code\MMarket\MMarket-app)
24-06-16.17:10:07.341 [main            ] INFO  LogicChainTest         - The following 1 profile is active: "dev"
24-06-16.17:10:08.051 [main            ] INFO  RepositoryConfigurationDelegate - Multiple Spring Data modules found, entering strict repository configuration mode
24-06-16.17:10:08.053 [main            ] INFO  RepositoryConfigurationDelegate - Bootstrapping Spring Data Redis repositories in DEFAULT mode.
24-06-16.17:10:08.080 [main            ] INFO  RepositoryConfigurationDelegate - Finished Spring Data repository scanning in 10 ms. Found 0 Redis repository interfaces.
24-06-16.17:10:09.787 [main            ] INFO  Version                - Redisson 3.23.4
24-06-16.17:10:10.933 [redisson-netty-2-4] INFO  MasterPubSubConnectionPool - 1 connections initialized for 117.72.77.81/117.72.77.81:16379
24-06-16.17:10:11.460 [redisson-netty-2-13] INFO  MasterConnectionPool   - 5 connections initialized for 117.72.77.81/117.72.77.81:16379
24-06-16.17:10:13.113 [main            ] INFO  EndpointLinksResolver  - Exposing 1 endpoint(s) beneath base path '/actuator'
24-06-16.17:10:13.166 [main            ] INFO  LogicChainTest         - Started LogicChainTest in 6.136 seconds (JVM running for 6.857)
24-06-16.17:10:13.917 [main            ] INFO  HikariDataSource       - Retail_HikariCP - Starting...
24-06-16.17:10:14.740 [main            ] INFO  HikariDataSource       - Retail_HikariCP - Start completed.
24-06-16.17:10:15.117 [main            ] INFO  LogicChainTest         - 测试结果：true
24-06-16.17:10:15.171 [main            ] INFO  RuleWeightLogicChain   - 抽奖责任链-权重开始 userId: joyboy strategyId: 100001 ruleModel: rule_weight
24-06-16.17:10:15.409 [main            ] INFO  RuleWeightLogicChain   - 抽奖责任链-【权重节点】 userId: joyboy strategyId: 100001 ruleModel: rule_weight awardId: 109
24-06-16.17:10:15.409 [main            ] INFO  BlackListLogicChain    - 抽奖责任链-黑名单开始 userId: joyboy strategyId: 100001 ruleModel: rule_blacklist
24-06-16.17:10:15.469 [main            ] INFO  BlackListLogicChain    - 抽奖责任链-【黑名单节点】 userId: joyboy strategyId: 100001 ruleModel: rule_blacklist awardId: 100
24-06-16.17:10:15.567 [main            ] INFO  DefaultLogicChain      - 抽奖责任链-【默认处理节点】 userId: joyboy strategyId: 100001 ruleModel: default awardId: 106
24-06-16.17:10:15.567 [main            ] INFO  LogicChainTest         - 测试结果：106
24-06-16.17:10:15.567 [main            ] INFO  RuleWeightLogicChain   - 抽奖责任链-权重开始 userId: joyboy strategyId: 100001 ruleModel: rule_weight
24-06-16.17:10:15.746 [main            ] INFO  RuleWeightLogicChain   - 抽奖责任链-【权重节点】 userId: joyboy strategyId: 100001 ruleModel: rule_weight awardId: 109
24-06-16.17:10:15.746 [main            ] INFO  BlackListLogicChain    - 抽奖责任链-黑名单开始 userId: joyboy strategyId: 100001 ruleModel: rule_blacklist
24-06-16.17:10:15.795 [main            ] INFO  BlackListLogicChain    - 抽奖责任链-【黑名单节点】 userId: joyboy strategyId: 100001 ruleModel: rule_blacklist awardId: 100
24-06-16.17:10:15.907 [main            ] INFO  DefaultLogicChain      - 抽奖责任链-【默认处理节点】 userId: joyboy strategyId: 100001 ruleModel: default awardId: 102
24-06-16.17:10:15.907 [main            ] INFO  LogicChainTest         - 测试结果：102
24-06-16.17:10:15.907 [main            ] INFO  RuleWeightLogicChain   - 抽奖责任链-权重开始 userId: joyboy strategyId: 100001 ruleModel: rule_weight
24-06-16.17:10:16.061 [main            ] INFO  RuleWeightLogicChain   - 抽奖责任链-【权重节点】 userId: joyboy strategyId: 100001 ruleModel: rule_weight awardId: 109
24-06-16.17:10:16.063 [main            ] INFO  BlackListLogicChain    - 抽奖责任链-黑名单开始 userId: joyboy strategyId: 100001 ruleModel: rule_blacklist
24-06-16.17:10:16.107 [main            ] INFO  BlackListLogicChain    - 抽奖责任链-【黑名单节点】 userId: joyboy strategyId: 100001 ruleModel: rule_blacklist awardId: 100
24-06-16.17:10:16.203 [main            ] INFO  DefaultLogicChain      - 抽奖责任链-【默认处理节点】 userId: joyboy strategyId: 100001 ruleModel: default awardId: 104
24-06-16.17:10:16.203 [main            ] INFO  LogicChainTest         - 测试结果：104
24-06-16.17:10:16.203 [main            ] INFO  RuleWeightLogicChain   - 抽奖责任链-权重开始 userId: joyboy strategyId: 100001 ruleModel: rule_weight
24-06-16.17:10:16.367 [main            ] INFO  RuleWeightLogicChain   - 抽奖责任链-【权重节点】 userId: joyboy strategyId: 100001 ruleModel: rule_weight awardId: 108
24-06-16.17:10:16.367 [main            ] INFO  BlackListLogicChain    - 抽奖责任链-黑名单开始 userId: joyboy strategyId: 100001 ruleModel: rule_blacklist
24-06-16.17:10:16.417 [main            ] INFO  BlackListLogicChain    - 抽奖责任链-【黑名单节点】 userId: joyboy strategyId: 100001 ruleModel: rule_blacklist awardId: 100
24-06-16.17:10:16.534 [main            ] INFO  DefaultLogicChain      - 抽奖责任链-【默认处理节点】 userId: joyboy strategyId: 100001 ruleModel: default awardId: 106
24-06-16.17:10:16.534 [main            ] INFO  LogicChainTest         - 测试结果：106
24-06-16.17:10:16.535 [main            ] INFO  RuleWeightLogicChain   - 抽奖责任链-权重开始 userId: joyboy strategyId: 100001 ruleModel: rule_weight
24-06-16.17:10:16.680 [main            ] INFO  RuleWeightLogicChain   - 抽奖责任链-【权重节点】 userId: joyboy strategyId: 100001 ruleModel: rule_weight awardId: 108
24-06-16.17:10:16.680 [main            ] INFO  BlackListLogicChain    - 抽奖责任链-黑名单开始 userId: joyboy strategyId: 100001 ruleModel: rule_blacklist
24-06-16.17:10:16.727 [main            ] INFO  BlackListLogicChain    - 抽奖责任链-【黑名单节点】 userId: joyboy strategyId: 100001 ruleModel: rule_blacklist awardId: 100
24-06-16.17:10:16.829 [main            ] INFO  DefaultLogicChain      - 抽奖责任链-【默认处理节点】 userId: joyboy strategyId: 100001 ruleModel: default awardId: 105
24-06-16.17:10:16.829 [main            ] INFO  LogicChainTest         - 测试结果：105
24-06-16.17:10:16.917 [SpringApplicationShutdownHook] INFO  HikariDataSource       - Retail_HikariCP - Shutdown initiated...
24-06-16.17:10:17.306 [SpringApplicationShutdownHook] INFO  HikariDataSource       - Retail_HikariCP - Shutdown completed.
24-06-16.17:10:50.331 [main            ] INFO  LogicChainTest         - Starting LogicChainTest using Java 1.8.0_402 on wyh-machine with PID 13200 (started by 98389 in E:\Java_code\MMarket\MMarket-app)
24-06-16.17:10:50.332 [main            ] INFO  LogicChainTest         - The following 1 profile is active: "dev"
24-06-16.17:10:51.043 [main            ] INFO  RepositoryConfigurationDelegate - Multiple Spring Data modules found, entering strict repository configuration mode
24-06-16.17:10:51.046 [main            ] INFO  RepositoryConfigurationDelegate - Bootstrapping Spring Data Redis repositories in DEFAULT mode.
24-06-16.17:10:51.067 [main            ] INFO  RepositoryConfigurationDelegate - Finished Spring Data repository scanning in 11 ms. Found 0 Redis repository interfaces.
24-06-16.17:10:52.780 [main            ] INFO  Version                - Redisson 3.23.4
24-06-16.17:10:53.947 [redisson-netty-2-5] INFO  MasterPubSubConnectionPool - 1 connections initialized for 117.72.77.81/117.72.77.81:16379
24-06-16.17:10:54.507 [redisson-netty-2-13] INFO  MasterConnectionPool   - 5 connections initialized for 117.72.77.81/117.72.77.81:16379
24-06-16.17:10:56.172 [main            ] INFO  EndpointLinksResolver  - Exposing 1 endpoint(s) beneath base path '/actuator'
24-06-16.17:10:56.232 [main            ] INFO  LogicChainTest         - Started LogicChainTest in 6.198 seconds (JVM running for 6.9)
24-06-16.17:10:56.991 [main            ] INFO  HikariDataSource       - Retail_HikariCP - Starting...
24-06-16.17:10:57.858 [main            ] INFO  HikariDataSource       - Retail_HikariCP - Start completed.
24-06-16.17:10:58.222 [main            ] INFO  LogicChainTest         - 测试结果：true
24-06-16.17:10:58.274 [main            ] INFO  RuleWeightLogicChain   - 抽奖责任链-权重开始 userId: joyboy strategyId: 100001 ruleModel: rule_weight
24-06-16.17:10:58.433 [main            ] INFO  RuleWeightLogicChain   - 抽奖责任链-【权重节点】 userId: joyboy strategyId: 100001 ruleModel: rule_weight awardId: 109
24-06-16.17:10:58.433 [main            ] INFO  BlackListLogicChain    - 抽奖责任链-黑名单开始 userId: joyboy strategyId: 100001 ruleModel: rule_blacklist
24-06-16.17:10:58.481 [main            ] INFO  BlackListLogicChain    - 抽奖责任链-【黑名单节点】 userId: joyboy strategyId: 100001 ruleModel: rule_blacklist awardId: 100
24-06-16.17:10:58.573 [main            ] INFO  DefaultLogicChain      - 抽奖责任链-【默认处理节点】 userId: joyboy strategyId: 100001 ruleModel: default awardId: 104
24-06-16.17:10:58.575 [main            ] INFO  LogicChainTest         - 测试结果：104
24-06-16.17:10:58.577 [main            ] INFO  RuleWeightLogicChain   - 抽奖责任链-权重开始 userId: joyboy strategyId: 100001 ruleModel: rule_weight
24-06-16.17:10:58.735 [main            ] INFO  RuleWeightLogicChain   - 抽奖责任链-【权重节点】 userId: joyboy strategyId: 100001 ruleModel: rule_weight awardId: 108
24-06-16.17:10:58.735 [main            ] INFO  BlackListLogicChain    - 抽奖责任链-黑名单开始 userId: joyboy strategyId: 100001 ruleModel: rule_blacklist
24-06-16.17:10:58.782 [main            ] INFO  BlackListLogicChain    - 抽奖责任链-【黑名单节点】 userId: joyboy strategyId: 100001 ruleModel: rule_blacklist awardId: 100
24-06-16.17:10:58.865 [main            ] INFO  DefaultLogicChain      - 抽奖责任链-【默认处理节点】 userId: joyboy strategyId: 100001 ruleModel: default awardId: 103
24-06-16.17:10:58.865 [main            ] INFO  LogicChainTest         - 测试结果：103
24-06-16.17:10:58.865 [main            ] INFO  RuleWeightLogicChain   - 抽奖责任链-权重开始 userId: joyboy strategyId: 100001 ruleModel: rule_weight
24-06-16.17:10:59.005 [main            ] INFO  RuleWeightLogicChain   - 抽奖责任链-【权重节点】 userId: joyboy strategyId: 100001 ruleModel: rule_weight awardId: 109
24-06-16.17:10:59.005 [main            ] INFO  BlackListLogicChain    - 抽奖责任链-黑名单开始 userId: joyboy strategyId: 100001 ruleModel: rule_blacklist
24-06-16.17:10:59.062 [main            ] INFO  BlackListLogicChain    - 抽奖责任链-【黑名单节点】 userId: joyboy strategyId: 100001 ruleModel: rule_blacklist awardId: 100
24-06-16.17:10:59.158 [main            ] INFO  DefaultLogicChain      - 抽奖责任链-【默认处理节点】 userId: joyboy strategyId: 100001 ruleModel: default awardId: 101
24-06-16.17:10:59.158 [main            ] INFO  LogicChainTest         - 测试结果：101
24-06-16.17:10:59.158 [main            ] INFO  RuleWeightLogicChain   - 抽奖责任链-权重开始 userId: joyboy strategyId: 100001 ruleModel: rule_weight
24-06-16.17:10:59.293 [main            ] INFO  RuleWeightLogicChain   - 抽奖责任链-【权重节点】 userId: joyboy strategyId: 100001 ruleModel: rule_weight awardId: 108
24-06-16.17:10:59.294 [main            ] INFO  BlackListLogicChain    - 抽奖责任链-黑名单开始 userId: joyboy strategyId: 100001 ruleModel: rule_blacklist
24-06-16.17:10:59.341 [main            ] INFO  BlackListLogicChain    - 抽奖责任链-【黑名单节点】 userId: joyboy strategyId: 100001 ruleModel: rule_blacklist awardId: 100
24-06-16.17:10:59.445 [main            ] INFO  DefaultLogicChain      - 抽奖责任链-【默认处理节点】 userId: joyboy strategyId: 100001 ruleModel: default awardId: 103
24-06-16.17:10:59.445 [main            ] INFO  LogicChainTest         - 测试结果：103
24-06-16.17:10:59.445 [main            ] INFO  RuleWeightLogicChain   - 抽奖责任链-权重开始 userId: joyboy strategyId: 100001 ruleModel: rule_weight
24-06-16.17:10:59.586 [main            ] INFO  RuleWeightLogicChain   - 抽奖责任链-【权重节点】 userId: joyboy strategyId: 100001 ruleModel: rule_weight awardId: 109
24-06-16.17:10:59.587 [main            ] INFO  BlackListLogicChain    - 抽奖责任链-黑名单开始 userId: joyboy strategyId: 100001 ruleModel: rule_blacklist
24-06-16.17:10:59.640 [main            ] INFO  BlackListLogicChain    - 抽奖责任链-【黑名单节点】 userId: joyboy strategyId: 100001 ruleModel: rule_blacklist awardId: 100
24-06-16.17:10:59.725 [main            ] INFO  DefaultLogicChain      - 抽奖责任链-【默认处理节点】 userId: joyboy strategyId: 100001 ruleModel: default awardId: 101
24-06-16.17:10:59.725 [main            ] INFO  LogicChainTest         - 测试结果：101
24-06-16.17:10:59.813 [SpringApplicationShutdownHook] INFO  HikariDataSource       - Retail_HikariCP - Shutdown initiated...
24-06-16.17:11:00.106 [SpringApplicationShutdownHook] INFO  HikariDataSource       - Retail_HikariCP - Shutdown completed.
24-06-16.17:11:19.151 [main            ] INFO  LogicChainTest         - Starting LogicChainTest using Java 1.8.0_402 on wyh-machine with PID 27288 (started by 98389 in E:\Java_code\MMarket\MMarket-app)
24-06-16.17:11:19.152 [main            ] INFO  LogicChainTest         - The following 1 profile is active: "dev"
24-06-16.17:11:19.881 [main            ] INFO  RepositoryConfigurationDelegate - Multiple Spring Data modules found, entering strict repository configuration mode
24-06-16.17:11:19.883 [main            ] INFO  RepositoryConfigurationDelegate - Bootstrapping Spring Data Redis repositories in DEFAULT mode.
24-06-16.17:11:19.903 [main            ] INFO  RepositoryConfigurationDelegate - Finished Spring Data repository scanning in 10 ms. Found 0 Redis repository interfaces.
24-06-16.17:11:21.580 [main            ] INFO  Version                - Redisson 3.23.4
24-06-16.17:11:22.718 [redisson-netty-2-4] INFO  MasterPubSubConnectionPool - 1 connections initialized for 117.72.77.81/117.72.77.81:16379
24-06-16.17:11:23.238 [redisson-netty-2-13] INFO  MasterConnectionPool   - 5 connections initialized for 117.72.77.81/117.72.77.81:16379
24-06-16.17:11:24.979 [main            ] INFO  EndpointLinksResolver  - Exposing 1 endpoint(s) beneath base path '/actuator'
24-06-16.17:11:25.057 [main            ] INFO  LogicChainTest         - Started LogicChainTest in 6.215 seconds (JVM running for 6.909)
24-06-16.17:11:25.865 [main            ] INFO  HikariDataSource       - Retail_HikariCP - Starting...
24-06-16.17:11:26.722 [main            ] INFO  HikariDataSource       - Retail_HikariCP - Start completed.
24-06-16.17:11:27.130 [main            ] INFO  LogicChainTest         - 测试结果：true
24-06-16.17:11:27.182 [main            ] INFO  RuleWeightLogicChain   - 抽奖责任链-权重开始 userId: joyboy strategyId: 100001 ruleModel: rule_weight
24-06-16.17:11:27.355 [main            ] INFO  RuleWeightLogicChain   - 抽奖责任链-【权重节点】 userId: joyboy strategyId: 100001 ruleModel: rule_weight awardId: 108
24-06-16.17:11:27.355 [main            ] INFO  BlackListLogicChain    - 抽奖责任链-黑名单开始 userId: joyboy strategyId: 100001 ruleModel: rule_blacklist
24-06-16.17:11:27.421 [main            ] INFO  BlackListLogicChain    - 抽奖责任链-【黑名单节点】 userId: joyboy strategyId: 100001 ruleModel: rule_blacklist awardId: 100
24-06-16.17:11:27.543 [main            ] INFO  DefaultLogicChain      - 抽奖责任链-【默认处理节点】 userId: joyboy strategyId: 100001 ruleModel: default awardId: 102
24-06-16.17:11:27.544 [main            ] INFO  LogicChainTest         - 测试结果：102
24-06-16.17:11:27.545 [main            ] INFO  RuleWeightLogicChain   - 抽奖责任链-权重开始 userId: joyboy strategyId: 100001 ruleModel: rule_weight
24-06-16.17:11:27.718 [main            ] INFO  RuleWeightLogicChain   - 抽奖责任链-【权重节点】 userId: joyboy strategyId: 100001 ruleModel: rule_weight awardId: 108
24-06-16.17:11:27.719 [main            ] INFO  BlackListLogicChain    - 抽奖责任链-黑名单开始 userId: joyboy strategyId: 100001 ruleModel: rule_blacklist
24-06-16.17:11:27.764 [main            ] INFO  BlackListLogicChain    - 抽奖责任链-【黑名单节点】 userId: joyboy strategyId: 100001 ruleModel: rule_blacklist awardId: 100
24-06-16.17:11:27.879 [main            ] INFO  DefaultLogicChain      - 抽奖责任链-【默认处理节点】 userId: joyboy strategyId: 100001 ruleModel: default awardId: 103
24-06-16.17:11:27.879 [main            ] INFO  LogicChainTest         - 测试结果：103
24-06-16.17:11:27.880 [main            ] INFO  RuleWeightLogicChain   - 抽奖责任链-权重开始 userId: joyboy strategyId: 100001 ruleModel: rule_weight
24-06-16.17:11:28.036 [main            ] INFO  RuleWeightLogicChain   - 抽奖责任链-【权重节点】 userId: joyboy strategyId: 100001 ruleModel: rule_weight awardId: 108
24-06-16.17:11:28.036 [main            ] INFO  BlackListLogicChain    - 抽奖责任链-黑名单开始 userId: joyboy strategyId: 100001 ruleModel: rule_blacklist
24-06-16.17:11:28.079 [main            ] INFO  BlackListLogicChain    - 抽奖责任链-【黑名单节点】 userId: joyboy strategyId: 100001 ruleModel: rule_blacklist awardId: 100
24-06-16.17:11:28.178 [main            ] INFO  DefaultLogicChain      - 抽奖责任链-【默认处理节点】 userId: joyboy strategyId: 100001 ruleModel: default awardId: 102
24-06-16.17:11:28.178 [main            ] INFO  LogicChainTest         - 测试结果：102
24-06-16.17:11:28.178 [main            ] INFO  RuleWeightLogicChain   - 抽奖责任链-权重开始 userId: joyboy strategyId: 100001 ruleModel: rule_weight
24-06-16.17:11:28.336 [main            ] INFO  RuleWeightLogicChain   - 抽奖责任链-【权重节点】 userId: joyboy strategyId: 100001 ruleModel: rule_weight awardId: 109
24-06-16.17:11:28.336 [main            ] INFO  BlackListLogicChain    - 抽奖责任链-黑名单开始 userId: joyboy strategyId: 100001 ruleModel: rule_blacklist
24-06-16.17:11:28.395 [main            ] INFO  BlackListLogicChain    - 抽奖责任链-【黑名单节点】 userId: joyboy strategyId: 100001 ruleModel: rule_blacklist awardId: 100
24-06-16.17:11:28.504 [main            ] INFO  DefaultLogicChain      - 抽奖责任链-【默认处理节点】 userId: joyboy strategyId: 100001 ruleModel: default awardId: 102
24-06-16.17:11:28.505 [main            ] INFO  LogicChainTest         - 测试结果：102
24-06-16.17:11:28.505 [main            ] INFO  RuleWeightLogicChain   - 抽奖责任链-权重开始 userId: joyboy strategyId: 100001 ruleModel: rule_weight
24-06-16.17:11:28.680 [main            ] INFO  RuleWeightLogicChain   - 抽奖责任链-【权重节点】 userId: joyboy strategyId: 100001 ruleModel: rule_weight awardId: 109
24-06-16.17:11:28.682 [main            ] INFO  BlackListLogicChain    - 抽奖责任链-黑名单开始 userId: joyboy strategyId: 100001 ruleModel: rule_blacklist
24-06-16.17:11:28.728 [main            ] INFO  BlackListLogicChain    - 抽奖责任链-【黑名单节点】 userId: joyboy strategyId: 100001 ruleModel: rule_blacklist awardId: 100
24-06-16.17:11:28.831 [main            ] INFO  DefaultLogicChain      - 抽奖责任链-【默认处理节点】 userId: joyboy strategyId: 100001 ruleModel: default awardId: 102
24-06-16.17:11:28.831 [main            ] INFO  LogicChainTest         - 测试结果：102
24-06-16.17:11:28.935 [SpringApplicationShutdownHook] INFO  HikariDataSource       - Retail_HikariCP - Shutdown initiated...
24-06-16.17:11:29.268 [SpringApplicationShutdownHook] INFO  HikariDataSource       - Retail_HikariCP - Shutdown completed.
24-06-16.17:11:56.154 [main            ] INFO  LogicChainTest         - Starting LogicChainTest using Java 1.8.0_402 on wyh-machine with PID 27456 (started by 98389 in E:\Java_code\MMarket\MMarket-app)
24-06-16.17:11:56.155 [main            ] INFO  LogicChainTest         - The following 1 profile is active: "dev"
24-06-16.17:11:56.856 [main            ] INFO  RepositoryConfigurationDelegate - Multiple Spring Data modules found, entering strict repository configuration mode
24-06-16.17:11:56.858 [main            ] INFO  RepositoryConfigurationDelegate - Bootstrapping Spring Data Redis repositories in DEFAULT mode.
24-06-16.17:11:56.885 [main            ] INFO  RepositoryConfigurationDelegate - Finished Spring Data repository scanning in 15 ms. Found 0 Redis repository interfaces.
24-06-16.17:11:58.557 [main            ] INFO  Version                - Redisson 3.23.4
24-06-16.17:11:59.620 [redisson-netty-2-4] INFO  MasterPubSubConnectionPool - 1 connections initialized for 117.72.77.81/117.72.77.81:16379
24-06-16.17:12:00.026 [redisson-netty-2-13] INFO  MasterConnectionPool   - 5 connections initialized for 117.72.77.81/117.72.77.81:16379
24-06-16.17:12:01.818 [main            ] INFO  EndpointLinksResolver  - Exposing 1 endpoint(s) beneath base path '/actuator'
24-06-16.17:12:01.889 [main            ] INFO  LogicChainTest         - Started LogicChainTest in 6.068 seconds (JVM running for 6.828)
24-06-16.17:12:02.689 [main            ] INFO  HikariDataSource       - Retail_HikariCP - Starting...
24-06-16.17:12:03.596 [main            ] INFO  HikariDataSource       - Retail_HikariCP - Start completed.
24-06-16.17:12:04.016 [main            ] INFO  LogicChainTest         - 测试结果：true
24-06-16.17:12:04.064 [main            ] INFO  RuleWeightLogicChain   - 抽奖责任链-权重开始 userId: joyboy strategyId: 100001 ruleModel: rule_weight
24-06-16.17:12:04.137 [main            ] INFO  RuleWeightLogicChain   - 抽奖责任链-【权重节点】 userId: joyboy strategyId: 100001 ruleModel: rule_weight
24-06-16.17:12:04.138 [main            ] INFO  BlackListLogicChain    - 抽奖责任链-黑名单开始 userId: joyboy strategyId: 100001 ruleModel: rule_blacklist
24-06-16.17:12:04.191 [main            ] INFO  BlackListLogicChain    - 抽奖责任链-【黑名单节点】 userId: joyboy strategyId: 100001 ruleModel: rule_blacklist awardId: 100
24-06-16.17:12:04.287 [main            ] INFO  DefaultLogicChain      - 抽奖责任链-【默认处理节点】 userId: joyboy strategyId: 100001 ruleModel: default awardId: 109
24-06-16.17:12:04.287 [main            ] INFO  LogicChainTest         - 测试结果：109
24-06-16.17:12:04.287 [main            ] INFO  RuleWeightLogicChain   - 抽奖责任链-权重开始 userId: joyboy strategyId: 100001 ruleModel: rule_weight
24-06-16.17:12:04.336 [main            ] INFO  RuleWeightLogicChain   - 抽奖责任链-【权重节点】 userId: joyboy strategyId: 100001 ruleModel: rule_weight
24-06-16.17:12:04.337 [main            ] INFO  BlackListLogicChain    - 抽奖责任链-黑名单开始 userId: joyboy strategyId: 100001 ruleModel: rule_blacklist
24-06-16.17:12:04.439 [main            ] INFO  BlackListLogicChain    - 抽奖责任链-【黑名单节点】 userId: joyboy strategyId: 100001 ruleModel: rule_blacklist awardId: 100
24-06-16.17:12:04.533 [main            ] INFO  DefaultLogicChain      - 抽奖责任链-【默认处理节点】 userId: joyboy strategyId: 100001 ruleModel: default awardId: 101
24-06-16.17:12:04.533 [main            ] INFO  LogicChainTest         - 测试结果：101
24-06-16.17:12:04.533 [main            ] INFO  RuleWeightLogicChain   - 抽奖责任链-权重开始 userId: joyboy strategyId: 100001 ruleModel: rule_weight
24-06-16.17:12:04.582 [main            ] INFO  RuleWeightLogicChain   - 抽奖责任链-【权重节点】 userId: joyboy strategyId: 100001 ruleModel: rule_weight
24-06-16.17:12:04.582 [main            ] INFO  BlackListLogicChain    - 抽奖责任链-黑名单开始 userId: joyboy strategyId: 100001 ruleModel: rule_blacklist
24-06-16.17:12:04.625 [main            ] INFO  BlackListLogicChain    - 抽奖责任链-【黑名单节点】 userId: joyboy strategyId: 100001 ruleModel: rule_blacklist awardId: 100
24-06-16.17:12:04.717 [main            ] INFO  DefaultLogicChain      - 抽奖责任链-【默认处理节点】 userId: joyboy strategyId: 100001 ruleModel: default awardId: 102
24-06-16.17:12:04.718 [main            ] INFO  LogicChainTest         - 测试结果：102
24-06-16.17:12:04.718 [main            ] INFO  RuleWeightLogicChain   - 抽奖责任链-权重开始 userId: joyboy strategyId: 100001 ruleModel: rule_weight
24-06-16.17:12:04.766 [main            ] INFO  RuleWeightLogicChain   - 抽奖责任链-【权重节点】 userId: joyboy strategyId: 100001 ruleModel: rule_weight
24-06-16.17:12:04.767 [main            ] INFO  BlackListLogicChain    - 抽奖责任链-黑名单开始 userId: joyboy strategyId: 100001 ruleModel: rule_blacklist
24-06-16.17:12:04.812 [main            ] INFO  BlackListLogicChain    - 抽奖责任链-【黑名单节点】 userId: joyboy strategyId: 100001 ruleModel: rule_blacklist awardId: 100
24-06-16.17:12:04.915 [main            ] INFO  DefaultLogicChain      - 抽奖责任链-【默认处理节点】 userId: joyboy strategyId: 100001 ruleModel: default awardId: 101
24-06-16.17:12:04.916 [main            ] INFO  LogicChainTest         - 测试结果：101
24-06-16.17:12:04.918 [main            ] INFO  RuleWeightLogicChain   - 抽奖责任链-权重开始 userId: joyboy strategyId: 100001 ruleModel: rule_weight
24-06-16.17:12:04.976 [main            ] INFO  RuleWeightLogicChain   - 抽奖责任链-【权重节点】 userId: joyboy strategyId: 100001 ruleModel: rule_weight
24-06-16.17:12:04.976 [main            ] INFO  BlackListLogicChain    - 抽奖责任链-黑名单开始 userId: joyboy strategyId: 100001 ruleModel: rule_blacklist
24-06-16.17:12:05.039 [main            ] INFO  BlackListLogicChain    - 抽奖责任链-【黑名单节点】 userId: joyboy strategyId: 100001 ruleModel: rule_blacklist awardId: 100
24-06-16.17:12:05.138 [main            ] INFO  DefaultLogicChain      - 抽奖责任链-【默认处理节点】 userId: joyboy strategyId: 100001 ruleModel: default awardId: 107
24-06-16.17:12:05.138 [main            ] INFO  LogicChainTest         - 测试结果：107
24-06-16.17:12:05.231 [SpringApplicationShutdownHook] INFO  HikariDataSource       - Retail_HikariCP - Shutdown initiated...
24-06-16.17:12:05.435 [SpringApplicationShutdownHook] INFO  HikariDataSource       - Retail_HikariCP - Shutdown completed.
24-06-16.17:12:40.906 [main            ] INFO  LogicChainTest         - Starting LogicChainTest using Java 1.8.0_402 on wyh-machine with PID 26968 (started by 98389 in E:\Java_code\MMarket\MMarket-app)
24-06-16.17:12:40.906 [main            ] INFO  LogicChainTest         - The following 1 profile is active: "dev"
24-06-16.17:12:41.613 [main            ] INFO  RepositoryConfigurationDelegate - Multiple Spring Data modules found, entering strict repository configuration mode
24-06-16.17:12:41.618 [main            ] INFO  RepositoryConfigurationDelegate - Bootstrapping Spring Data Redis repositories in DEFAULT mode.
24-06-16.17:12:41.643 [main            ] INFO  RepositoryConfigurationDelegate - Finished Spring Data repository scanning in 11 ms. Found 0 Redis repository interfaces.
24-06-16.17:12:43.303 [main            ] INFO  Version                - Redisson 3.23.4
24-06-16.17:12:44.431 [redisson-netty-2-4] INFO  MasterPubSubConnectionPool - 1 connections initialized for 117.72.77.81/117.72.77.81:16379
24-06-16.17:12:44.912 [redisson-netty-2-13] INFO  MasterConnectionPool   - 5 connections initialized for 117.72.77.81/117.72.77.81:16379
24-06-16.17:12:46.647 [main            ] INFO  EndpointLinksResolver  - Exposing 1 endpoint(s) beneath base path '/actuator'
24-06-16.17:12:46.710 [main            ] INFO  LogicChainTest         - Started LogicChainTest in 6.133 seconds (JVM running for 6.833)
24-06-16.17:12:47.469 [main            ] INFO  HikariDataSource       - Retail_HikariCP - Starting...
24-06-16.17:12:48.312 [main            ] INFO  HikariDataSource       - Retail_HikariCP - Start completed.
24-06-16.17:12:48.712 [main            ] INFO  LogicChainTest         - 测试结果：true
24-06-16.17:12:48.974 [main            ] INFO  LogicChainTest         - 测试结果：true
24-06-16.17:12:49.012 [main            ] INFO  RuleWeightLogicChain   - 抽奖责任链-权重开始 userId: joyboy strategyId: 100001 ruleModel: rule_weight
24-06-16.17:12:49.131 [main            ] INFO  RuleWeightLogicChain   - 抽奖责任链-【权重节点】 userId: joyboy strategyId: 100001 ruleModel: rule_weight
24-06-16.17:12:49.131 [main            ] INFO  BlackListLogicChain    - 抽奖责任链-黑名单开始 userId: joyboy strategyId: 100001 ruleModel: rule_blacklist
24-06-16.17:12:49.191 [main            ] INFO  BlackListLogicChain    - 抽奖责任链-【黑名单节点】 userId: joyboy strategyId: 100001 ruleModel: rule_blacklist awardId: 100
24-06-16.17:12:49.274 [main            ] INFO  DefaultLogicChain      - 抽奖责任链-【默认处理节点】 userId: joyboy strategyId: 100001 ruleModel: default awardId: 101
24-06-16.17:12:49.274 [main            ] INFO  LogicChainTest         - 测试结果：101
24-06-16.17:12:49.274 [main            ] INFO  RuleWeightLogicChain   - 抽奖责任链-权重开始 userId: joyboy strategyId: 100001 ruleModel: rule_weight
24-06-16.17:12:49.322 [main            ] INFO  RuleWeightLogicChain   - 抽奖责任链-【权重节点】 userId: joyboy strategyId: 100001 ruleModel: rule_weight
24-06-16.17:12:49.323 [main            ] INFO  BlackListLogicChain    - 抽奖责任链-黑名单开始 userId: joyboy strategyId: 100001 ruleModel: rule_blacklist
24-06-16.17:12:49.372 [main            ] INFO  BlackListLogicChain    - 抽奖责任链-【黑名单节点】 userId: joyboy strategyId: 100001 ruleModel: rule_blacklist awardId: 100
24-06-16.17:12:49.478 [main            ] INFO  DefaultLogicChain      - 抽奖责任链-【默认处理节点】 userId: joyboy strategyId: 100001 ruleModel: default awardId: 105
24-06-16.17:12:49.478 [main            ] INFO  LogicChainTest         - 测试结果：105
24-06-16.17:12:49.479 [main            ] INFO  RuleWeightLogicChain   - 抽奖责任链-权重开始 userId: joyboy strategyId: 100001 ruleModel: rule_weight
24-06-16.17:12:49.522 [main            ] INFO  RuleWeightLogicChain   - 抽奖责任链-【权重节点】 userId: joyboy strategyId: 100001 ruleModel: rule_weight
24-06-16.17:12:49.523 [main            ] INFO  BlackListLogicChain    - 抽奖责任链-黑名单开始 userId: joyboy strategyId: 100001 ruleModel: rule_blacklist
24-06-16.17:12:49.571 [main            ] INFO  BlackListLogicChain    - 抽奖责任链-【黑名单节点】 userId: joyboy strategyId: 100001 ruleModel: rule_blacklist awardId: 100
24-06-16.17:12:49.653 [main            ] INFO  DefaultLogicChain      - 抽奖责任链-【默认处理节点】 userId: joyboy strategyId: 100001 ruleModel: default awardId: 101
24-06-16.17:12:49.654 [main            ] INFO  LogicChainTest         - 测试结果：101
24-06-16.17:12:49.654 [main            ] INFO  RuleWeightLogicChain   - 抽奖责任链-权重开始 userId: joyboy strategyId: 100001 ruleModel: rule_weight
24-06-16.17:12:49.700 [main            ] INFO  RuleWeightLogicChain   - 抽奖责任链-【权重节点】 userId: joyboy strategyId: 100001 ruleModel: rule_weight
24-06-16.17:12:49.700 [main            ] INFO  BlackListLogicChain    - 抽奖责任链-黑名单开始 userId: joyboy strategyId: 100001 ruleModel: rule_blacklist
24-06-16.17:12:49.753 [main            ] INFO  BlackListLogicChain    - 抽奖责任链-【黑名单节点】 userId: joyboy strategyId: 100001 ruleModel: rule_blacklist awardId: 100
24-06-16.17:12:49.856 [main            ] INFO  DefaultLogicChain      - 抽奖责任链-【默认处理节点】 userId: joyboy strategyId: 100001 ruleModel: default awardId: 102
24-06-16.17:12:49.856 [main            ] INFO  LogicChainTest         - 测试结果：102
24-06-16.17:12:49.856 [main            ] INFO  RuleWeightLogicChain   - 抽奖责任链-权重开始 userId: joyboy strategyId: 100001 ruleModel: rule_weight
24-06-16.17:12:49.902 [main            ] INFO  RuleWeightLogicChain   - 抽奖责任链-【权重节点】 userId: joyboy strategyId: 100001 ruleModel: rule_weight
24-06-16.17:12:49.903 [main            ] INFO  BlackListLogicChain    - 抽奖责任链-黑名单开始 userId: joyboy strategyId: 100001 ruleModel: rule_blacklist
24-06-16.17:12:49.952 [main            ] INFO  BlackListLogicChain    - 抽奖责任链-【黑名单节点】 userId: joyboy strategyId: 100001 ruleModel: rule_blacklist awardId: 100
24-06-16.17:12:50.059 [main            ] INFO  DefaultLogicChain      - 抽奖责任链-【默认处理节点】 userId: joyboy strategyId: 100001 ruleModel: default awardId: 103
24-06-16.17:12:50.059 [main            ] INFO  LogicChainTest         - 测试结果：103
24-06-16.17:12:50.155 [SpringApplicationShutdownHook] INFO  HikariDataSource       - Retail_HikariCP - Shutdown initiated...
24-06-16.17:12:50.435 [SpringApplicationShutdownHook] INFO  HikariDataSource       - Retail_HikariCP - Shutdown completed.
24-06-16.17:13:04.983 [main            ] INFO  LogicChainTest         - Starting LogicChainTest using Java 1.8.0_402 on wyh-machine with PID 2540 (started by 98389 in E:\Java_code\MMarket\MMarket-app)
24-06-16.17:13:04.984 [main            ] INFO  LogicChainTest         - The following 1 profile is active: "dev"
24-06-16.17:13:05.712 [main            ] INFO  RepositoryConfigurationDelegate - Multiple Spring Data modules found, entering strict repository configuration mode
24-06-16.17:13:05.714 [main            ] INFO  RepositoryConfigurationDelegate - Bootstrapping Spring Data Redis repositories in DEFAULT mode.
24-06-16.17:13:05.744 [main            ] INFO  RepositoryConfigurationDelegate - Finished Spring Data repository scanning in 12 ms. Found 0 Redis repository interfaces.
24-06-16.17:13:07.442 [main            ] INFO  Version                - Redisson 3.23.4
24-06-16.17:13:09.506 [redisson-netty-2-5] INFO  MasterPubSubConnectionPool - 1 connections initialized for 117.72.77.81/117.72.77.81:16379
24-06-16.17:13:09.929 [redisson-netty-2-13] INFO  MasterConnectionPool   - 5 connections initialized for 117.72.77.81/117.72.77.81:16379
24-06-16.17:13:11.620 [main            ] INFO  EndpointLinksResolver  - Exposing 1 endpoint(s) beneath base path '/actuator'
24-06-16.17:13:11.677 [main            ] INFO  LogicChainTest         - Started LogicChainTest in 7.07 seconds (JVM running for 7.801)
24-06-16.17:13:12.452 [main            ] INFO  HikariDataSource       - Retail_HikariCP - Starting...
24-06-16.17:13:13.212 [main            ] INFO  HikariDataSource       - Retail_HikariCP - Start completed.
24-06-16.17:13:13.595 [main            ] INFO  LogicChainTest         - 测试结果：true
24-06-16.17:13:13.822 [main            ] INFO  LogicChainTest         - 测试结果：true
24-06-16.17:13:13.872 [main            ] INFO  RuleWeightLogicChain   - 抽奖责任链-权重开始 userId: joyboy strategyId: 100001 ruleModel: rule_weight
24-06-16.17:13:14.059 [main            ] INFO  RuleWeightLogicChain   - 抽奖责任链-【权重节点】 userId: joyboy strategyId: 100001 ruleModel: rule_weight awardId: 109
24-06-16.17:13:14.059 [main            ] INFO  BlackListLogicChain    - 抽奖责任链-黑名单开始 userId: joyboy strategyId: 100001 ruleModel: rule_blacklist
24-06-16.17:13:14.100 [main            ] INFO  BlackListLogicChain    - 抽奖责任链-【黑名单节点】 userId: joyboy strategyId: 100001 ruleModel: rule_blacklist awardId: 100
24-06-16.17:13:14.190 [main            ] INFO  DefaultLogicChain      - 抽奖责任链-【默认处理节点】 userId: joyboy strategyId: 100001 ruleModel: default awardId: 105
24-06-16.17:13:14.190 [main            ] INFO  LogicChainTest         - 测试结果：105
24-06-16.17:13:14.190 [main            ] INFO  RuleWeightLogicChain   - 抽奖责任链-权重开始 userId: joyboy strategyId: 100001 ruleModel: rule_weight
24-06-16.17:13:14.320 [main            ] INFO  RuleWeightLogicChain   - 抽奖责任链-【权重节点】 userId: joyboy strategyId: 100001 ruleModel: rule_weight awardId: 109
24-06-16.17:13:14.320 [main            ] INFO  BlackListLogicChain    - 抽奖责任链-黑名单开始 userId: joyboy strategyId: 100001 ruleModel: rule_blacklist
24-06-16.17:13:14.359 [main            ] INFO  BlackListLogicChain    - 抽奖责任链-【黑名单节点】 userId: joyboy strategyId: 100001 ruleModel: rule_blacklist awardId: 100
24-06-16.17:13:14.469 [main            ] INFO  DefaultLogicChain      - 抽奖责任链-【默认处理节点】 userId: joyboy strategyId: 100001 ruleModel: default awardId: 101
24-06-16.17:13:14.470 [main            ] INFO  LogicChainTest         - 测试结果：101
24-06-16.17:13:14.470 [main            ] INFO  RuleWeightLogicChain   - 抽奖责任链-权重开始 userId: joyboy strategyId: 100001 ruleModel: rule_weight
24-06-16.17:13:14.649 [main            ] INFO  RuleWeightLogicChain   - 抽奖责任链-【权重节点】 userId: joyboy strategyId: 100001 ruleModel: rule_weight awardId: 109
24-06-16.17:13:14.649 [main            ] INFO  BlackListLogicChain    - 抽奖责任链-黑名单开始 userId: joyboy strategyId: 100001 ruleModel: rule_blacklist
24-06-16.17:13:14.697 [main            ] INFO  BlackListLogicChain    - 抽奖责任链-【黑名单节点】 userId: joyboy strategyId: 100001 ruleModel: rule_blacklist awardId: 100
24-06-16.17:13:14.819 [main            ] INFO  DefaultLogicChain      - 抽奖责任链-【默认处理节点】 userId: joyboy strategyId: 100001 ruleModel: default awardId: 107
24-06-16.17:13:14.819 [main            ] INFO  LogicChainTest         - 测试结果：107
24-06-16.17:13:14.819 [main            ] INFO  RuleWeightLogicChain   - 抽奖责任链-权重开始 userId: joyboy strategyId: 100001 ruleModel: rule_weight
24-06-16.17:13:14.945 [main            ] INFO  RuleWeightLogicChain   - 抽奖责任链-【权重节点】 userId: joyboy strategyId: 100001 ruleModel: rule_weight awardId: 109
24-06-16.17:13:14.945 [main            ] INFO  BlackListLogicChain    - 抽奖责任链-黑名单开始 userId: joyboy strategyId: 100001 ruleModel: rule_blacklist
24-06-16.17:13:14.994 [main            ] INFO  BlackListLogicChain    - 抽奖责任链-【黑名单节点】 userId: joyboy strategyId: 100001 ruleModel: rule_blacklist awardId: 100
24-06-16.17:13:15.085 [main            ] INFO  DefaultLogicChain      - 抽奖责任链-【默认处理节点】 userId: joyboy strategyId: 100001 ruleModel: default awardId: 101
24-06-16.17:13:15.085 [main            ] INFO  LogicChainTest         - 测试结果：101
24-06-16.17:13:15.085 [main            ] INFO  RuleWeightLogicChain   - 抽奖责任链-权重开始 userId: joyboy strategyId: 100001 ruleModel: rule_weight
24-06-16.17:13:15.234 [main            ] INFO  RuleWeightLogicChain   - 抽奖责任链-【权重节点】 userId: joyboy strategyId: 100001 ruleModel: rule_weight awardId: 109
24-06-16.17:13:15.234 [main            ] INFO  BlackListLogicChain    - 抽奖责任链-黑名单开始 userId: joyboy strategyId: 100001 ruleModel: rule_blacklist
24-06-16.17:13:15.280 [main            ] INFO  BlackListLogicChain    - 抽奖责任链-【黑名单节点】 userId: joyboy strategyId: 100001 ruleModel: rule_blacklist awardId: 100
24-06-16.17:13:15.371 [main            ] INFO  DefaultLogicChain      - 抽奖责任链-【默认处理节点】 userId: joyboy strategyId: 100001 ruleModel: default awardId: 101
24-06-16.17:13:15.371 [main            ] INFO  LogicChainTest         - 测试结果：101
24-06-16.17:13:15.448 [SpringApplicationShutdownHook] INFO  HikariDataSource       - Retail_HikariCP - Shutdown initiated...
24-06-16.17:13:15.746 [SpringApplicationShutdownHook] INFO  HikariDataSource       - Retail_HikariCP - Shutdown completed.
24-06-16.17:16:54.269 [main            ] INFO  LogicChainTest         - Starting LogicChainTest using Java 1.8.0_402 on wyh-machine with PID 20756 (started by 98389 in E:\Java_code\MMarket\MMarket-app)
24-06-16.17:16:54.270 [main            ] INFO  LogicChainTest         - The following 1 profile is active: "dev"
24-06-16.17:16:55.005 [main            ] INFO  RepositoryConfigurationDelegate - Multiple Spring Data modules found, entering strict repository configuration mode
24-06-16.17:16:55.008 [main            ] INFO  RepositoryConfigurationDelegate - Bootstrapping Spring Data Redis repositories in DEFAULT mode.
24-06-16.17:16:55.040 [main            ] INFO  RepositoryConfigurationDelegate - Finished Spring Data repository scanning in 13 ms. Found 0 Redis repository interfaces.
24-06-16.17:16:56.913 [main            ] INFO  Version                - Redisson 3.23.4
24-06-16.17:16:58.027 [redisson-netty-2-5] INFO  MasterPubSubConnectionPool - 1 connections initialized for 117.72.77.81/117.72.77.81:16379
24-06-16.17:16:58.426 [redisson-netty-2-13] INFO  MasterConnectionPool   - 5 connections initialized for 117.72.77.81/117.72.77.81:16379
24-06-16.17:17:00.309 [main            ] INFO  EndpointLinksResolver  - Exposing 1 endpoint(s) beneath base path '/actuator'
24-06-16.17:17:00.400 [main            ] INFO  LogicChainTest         - Started LogicChainTest in 6.467 seconds (JVM running for 7.167)
24-06-16.17:17:00.860 [main            ] INFO  HikariDataSource       - Retail_HikariCP - Starting...
24-06-16.17:17:01.616 [main            ] INFO  HikariDataSource       - Retail_HikariCP - Start completed.
24-06-16.17:17:02.564 [main            ] INFO  LogicChainTest         - 测试结果：true
24-06-16.17:17:03.135 [main            ] INFO  LogicChainTest         - 测试结果：true
24-06-16.17:17:03.205 [main            ] INFO  RuleWeightLogicChain   - 抽奖责任链-权重开始 userId: joyboy strategyId: 100001 ruleModel: rule_weight
24-06-16.17:17:03.379 [main            ] INFO  RuleWeightLogicChain   - 抽奖责任链-【权重节点】 userId: joyboy strategyId: 100001 ruleModel: rule_weight awardId: 108
24-06-16.17:17:03.379 [main            ] INFO  BlackListLogicChain    - 抽奖责任链-黑名单开始 userId: joyboy strategyId: 100001 ruleModel: rule_blacklist
24-06-16.17:17:03.430 [main            ] INFO  BlackListLogicChain    - 抽奖责任链-【黑名单节点】 userId: joyboy strategyId: 100001 ruleModel: rule_blacklist awardId: 100
24-06-16.17:17:03.535 [main            ] INFO  DefaultLogicChain      - 抽奖责任链-【默认处理节点】 userId: joyboy strategyId: 100001 ruleModel: default awardId: 102
24-06-16.17:17:03.535 [main            ] INFO  LogicChainTest         - 测试结果：102
24-06-16.17:17:03.535 [main            ] INFO  RuleWeightLogicChain   - 抽奖责任链-权重开始 userId: joyboy strategyId: 100001 ruleModel: rule_weight
24-06-16.17:17:03.686 [main            ] INFO  RuleWeightLogicChain   - 抽奖责任链-【权重节点】 userId: joyboy strategyId: 100001 ruleModel: rule_weight awardId: 109
24-06-16.17:17:03.686 [main            ] INFO  BlackListLogicChain    - 抽奖责任链-黑名单开始 userId: joyboy strategyId: 100001 ruleModel: rule_blacklist
24-06-16.17:17:03.734 [main            ] INFO  BlackListLogicChain    - 抽奖责任链-【黑名单节点】 userId: joyboy strategyId: 100001 ruleModel: rule_blacklist awardId: 100
24-06-16.17:17:03.861 [main            ] INFO  DefaultLogicChain      - 抽奖责任链-【默认处理节点】 userId: joyboy strategyId: 100001 ruleModel: default awardId: 101
24-06-16.17:17:03.861 [main            ] INFO  LogicChainTest         - 测试结果：101
24-06-16.17:17:03.861 [main            ] INFO  RuleWeightLogicChain   - 抽奖责任链-权重开始 userId: joyboy strategyId: 100001 ruleModel: rule_weight
24-06-16.17:17:04.026 [main            ] INFO  RuleWeightLogicChain   - 抽奖责任链-【权重节点】 userId: joyboy strategyId: 100001 ruleModel: rule_weight awardId: 108
24-06-16.17:17:04.027 [main            ] INFO  BlackListLogicChain    - 抽奖责任链-黑名单开始 userId: joyboy strategyId: 100001 ruleModel: rule_blacklist
24-06-16.17:17:04.078 [main            ] INFO  BlackListLogicChain    - 抽奖责任链-【黑名单节点】 userId: joyboy strategyId: 100001 ruleModel: rule_blacklist awardId: 100
24-06-16.17:17:04.178 [main            ] INFO  DefaultLogicChain      - 抽奖责任链-【默认处理节点】 userId: joyboy strategyId: 100001 ruleModel: default awardId: 101
24-06-16.17:17:04.179 [main            ] INFO  LogicChainTest         - 测试结果：101
24-06-16.17:17:04.179 [main            ] INFO  RuleWeightLogicChain   - 抽奖责任链-权重开始 userId: joyboy strategyId: 100001 ruleModel: rule_weight
24-06-16.17:17:04.334 [main            ] INFO  RuleWeightLogicChain   - 抽奖责任链-【权重节点】 userId: joyboy strategyId: 100001 ruleModel: rule_weight awardId: 108
24-06-16.17:17:04.334 [main            ] INFO  BlackListLogicChain    - 抽奖责任链-黑名单开始 userId: joyboy strategyId: 100001 ruleModel: rule_blacklist
24-06-16.17:17:04.375 [main            ] INFO  BlackListLogicChain    - 抽奖责任链-【黑名单节点】 userId: joyboy strategyId: 100001 ruleModel: rule_blacklist awardId: 100
24-06-16.17:17:04.478 [main            ] INFO  DefaultLogicChain      - 抽奖责任链-【默认处理节点】 userId: joyboy strategyId: 100001 ruleModel: default awardId: 101
24-06-16.17:17:04.478 [main            ] INFO  LogicChainTest         - 测试结果：101
24-06-16.17:17:04.479 [main            ] INFO  RuleWeightLogicChain   - 抽奖责任链-权重开始 userId: joyboy strategyId: 100001 ruleModel: rule_weight
24-06-16.17:17:04.642 [main            ] INFO  RuleWeightLogicChain   - 抽奖责任链-【权重节点】 userId: joyboy strategyId: 100001 ruleModel: rule_weight awardId: 109
24-06-16.17:17:04.642 [main            ] INFO  BlackListLogicChain    - 抽奖责任链-黑名单开始 userId: joyboy strategyId: 100001 ruleModel: rule_blacklist
24-06-16.17:17:04.694 [main            ] INFO  BlackListLogicChain    - 抽奖责任链-【黑名单节点】 userId: joyboy strategyId: 100001 ruleModel: rule_blacklist awardId: 100
24-06-16.17:17:04.782 [main            ] INFO  DefaultLogicChain      - 抽奖责任链-【默认处理节点】 userId: joyboy strategyId: 100001 ruleModel: default awardId: 105
24-06-16.17:17:04.782 [main            ] INFO  LogicChainTest         - 测试结果：105
24-06-16.17:17:04.872 [SpringApplicationShutdownHook] INFO  HikariDataSource       - Retail_HikariCP - Shutdown initiated...
24-06-16.17:17:05.274 [SpringApplicationShutdownHook] INFO  HikariDataSource       - Retail_HikariCP - Shutdown completed.
24-06-16.17:22:31.950 [main            ] INFO  LogicChainTest         - Starting LogicChainTest using Java 1.8.0_402 on wyh-machine with PID 23108 (started by 98389 in E:\Java_code\MMarket\MMarket-app)
24-06-16.17:22:31.957 [main            ] INFO  LogicChainTest         - The following 1 profile is active: "dev"
24-06-16.17:22:32.674 [main            ] INFO  RepositoryConfigurationDelegate - Multiple Spring Data modules found, entering strict repository configuration mode
24-06-16.17:22:32.680 [main            ] INFO  RepositoryConfigurationDelegate - Bootstrapping Spring Data Redis repositories in DEFAULT mode.
24-06-16.17:22:32.701 [main            ] INFO  RepositoryConfigurationDelegate - Finished Spring Data repository scanning in 10 ms. Found 0 Redis repository interfaces.
24-06-16.17:22:34.406 [main            ] INFO  Version                - Redisson 3.23.4
24-06-16.17:22:35.481 [redisson-netty-2-6] INFO  MasterPubSubConnectionPool - 1 connections initialized for 117.72.77.81/117.72.77.81:16379
24-06-16.17:22:35.898 [redisson-netty-2-13] INFO  MasterConnectionPool   - 5 connections initialized for 117.72.77.81/117.72.77.81:16379
24-06-16.17:22:37.614 [main            ] INFO  EndpointLinksResolver  - Exposing 1 endpoint(s) beneath base path '/actuator'
24-06-16.17:22:37.667 [main            ] INFO  LogicChainTest         - Started LogicChainTest in 6.075 seconds (JVM running for 6.801)
24-06-16.17:22:38.394 [main            ] INFO  HikariDataSource       - Retail_HikariCP - Starting...
24-06-16.17:22:39.166 [main            ] INFO  HikariDataSource       - Retail_HikariCP - Start completed.
24-06-16.17:22:39.572 [main            ] INFO  LogicChainTest         - 测试结果：true
24-06-16.17:22:39.810 [main            ] INFO  LogicChainTest         - 测试结果：true
24-06-16.17:22:39.863 [main            ] INFO  RuleWeightLogicChain   - 抽奖责任链-权重开始 userId: joyboy strategyId: 100001 ruleModel: rule_weight
24-06-16.17:22:39.978 [main            ] INFO  RuleWeightLogicChain   - 当前用户的积分为66666，将采取权重规则：6000:108,109
24-06-16.17:22:40.065 [main            ] INFO  RuleWeightLogicChain   - 抽奖责任链-【权重节点】 userId: joyboy strategyId: 100001 ruleModel: rule_weight awardId: 108
24-06-16.17:22:40.066 [main            ] INFO  BlackListLogicChain    - 抽奖责任链-黑名单开始 userId: joyboy strategyId: 100001 ruleModel: rule_blacklist
24-06-16.17:22:40.111 [main            ] INFO  BlackListLogicChain    - 抽奖责任链-【黑名单节点】 userId: joyboy strategyId: 100001 ruleModel: rule_blacklist awardId: 100
24-06-16.17:22:40.214 [main            ] INFO  DefaultLogicChain      - 抽奖责任链-【默认处理节点】 userId: joyboy strategyId: 100001 ruleModel: default awardId: 105
24-06-16.17:22:40.214 [main            ] INFO  LogicChainTest         - 测试结果：105
24-06-16.17:22:40.214 [main            ] INFO  RuleWeightLogicChain   - 抽奖责任链-权重开始 userId: joyboy strategyId: 100001 ruleModel: rule_weight
24-06-16.17:22:40.266 [main            ] INFO  RuleWeightLogicChain   - 当前用户的积分为66666，将采取权重规则：6000:108,109
24-06-16.17:22:40.354 [main            ] INFO  RuleWeightLogicChain   - 抽奖责任链-【权重节点】 userId: joyboy strategyId: 100001 ruleModel: rule_weight awardId: 109
24-06-16.17:22:40.354 [main            ] INFO  BlackListLogicChain    - 抽奖责任链-黑名单开始 userId: joyboy strategyId: 100001 ruleModel: rule_blacklist
24-06-16.17:22:40.399 [main            ] INFO  BlackListLogicChain    - 抽奖责任链-【黑名单节点】 userId: joyboy strategyId: 100001 ruleModel: rule_blacklist awardId: 100
24-06-16.17:22:40.497 [main            ] INFO  DefaultLogicChain      - 抽奖责任链-【默认处理节点】 userId: joyboy strategyId: 100001 ruleModel: default awardId: 107
24-06-16.17:22:40.498 [main            ] INFO  LogicChainTest         - 测试结果：107
24-06-16.17:22:40.498 [main            ] INFO  RuleWeightLogicChain   - 抽奖责任链-权重开始 userId: joyboy strategyId: 100001 ruleModel: rule_weight
24-06-16.17:22:40.554 [main            ] INFO  RuleWeightLogicChain   - 当前用户的积分为66666，将采取权重规则：6000:108,109
24-06-16.17:22:40.673 [main            ] INFO  RuleWeightLogicChain   - 抽奖责任链-【权重节点】 userId: joyboy strategyId: 100001 ruleModel: rule_weight awardId: 109
24-06-16.17:22:40.673 [main            ] INFO  BlackListLogicChain    - 抽奖责任链-黑名单开始 userId: joyboy strategyId: 100001 ruleModel: rule_blacklist
24-06-16.17:22:40.726 [main            ] INFO  BlackListLogicChain    - 抽奖责任链-【黑名单节点】 userId: joyboy strategyId: 100001 ruleModel: rule_blacklist awardId: 100
24-06-16.17:22:40.820 [main            ] INFO  DefaultLogicChain      - 抽奖责任链-【默认处理节点】 userId: joyboy strategyId: 100001 ruleModel: default awardId: 104
24-06-16.17:22:40.820 [main            ] INFO  LogicChainTest         - 测试结果：104
24-06-16.17:22:40.820 [main            ] INFO  RuleWeightLogicChain   - 抽奖责任链-权重开始 userId: joyboy strategyId: 100001 ruleModel: rule_weight
24-06-16.17:22:40.869 [main            ] INFO  RuleWeightLogicChain   - 当前用户的积分为66666，将采取权重规则：6000:108,109
24-06-16.17:22:40.964 [main            ] INFO  RuleWeightLogicChain   - 抽奖责任链-【权重节点】 userId: joyboy strategyId: 100001 ruleModel: rule_weight awardId: 108
24-06-16.17:22:40.966 [main            ] INFO  BlackListLogicChain    - 抽奖责任链-黑名单开始 userId: joyboy strategyId: 100001 ruleModel: rule_blacklist
24-06-16.17:22:41.010 [main            ] INFO  BlackListLogicChain    - 抽奖责任链-【黑名单节点】 userId: joyboy strategyId: 100001 ruleModel: rule_blacklist awardId: 100
24-06-16.17:22:41.104 [main            ] INFO  DefaultLogicChain      - 抽奖责任链-【默认处理节点】 userId: joyboy strategyId: 100001 ruleModel: default awardId: 107
24-06-16.17:22:41.104 [main            ] INFO  LogicChainTest         - 测试结果：107
24-06-16.17:22:41.104 [main            ] INFO  RuleWeightLogicChain   - 抽奖责任链-权重开始 userId: joyboy strategyId: 100001 ruleModel: rule_weight
24-06-16.17:22:41.154 [main            ] INFO  RuleWeightLogicChain   - 当前用户的积分为66666，将采取权重规则：6000:108,109
24-06-16.17:22:41.264 [main            ] INFO  RuleWeightLogicChain   - 抽奖责任链-【权重节点】 userId: joyboy strategyId: 100001 ruleModel: rule_weight awardId: 108
24-06-16.17:22:41.264 [main            ] INFO  BlackListLogicChain    - 抽奖责任链-黑名单开始 userId: joyboy strategyId: 100001 ruleModel: rule_blacklist
24-06-16.17:22:41.306 [main            ] INFO  BlackListLogicChain    - 抽奖责任链-【黑名单节点】 userId: joyboy strategyId: 100001 ruleModel: rule_blacklist awardId: 100
24-06-16.17:22:41.392 [main            ] INFO  DefaultLogicChain      - 抽奖责任链-【默认处理节点】 userId: joyboy strategyId: 100001 ruleModel: default awardId: 103
24-06-16.17:22:41.392 [main            ] INFO  LogicChainTest         - 测试结果：103
24-06-16.17:22:41.467 [SpringApplicationShutdownHook] INFO  HikariDataSource       - Retail_HikariCP - Shutdown initiated...
24-06-16.17:22:41.774 [SpringApplicationShutdownHook] INFO  HikariDataSource       - Retail_HikariCP - Shutdown completed.
24-06-16.18:32:18.651 [main            ] INFO  LogicChainTest         - Starting LogicChainTest using Java 1.8.0_402 on wyh-machine with PID 30136 (started by 98389 in E:\Java_code\MMarket\MMarket-app)
24-06-16.18:32:18.652 [main            ] INFO  LogicChainTest         - The following 1 profile is active: "dev"
24-06-16.18:32:19.495 [main            ] INFO  RepositoryConfigurationDelegate - Multiple Spring Data modules found, entering strict repository configuration mode
24-06-16.18:32:19.516 [main            ] INFO  RepositoryConfigurationDelegate - Bootstrapping Spring Data Redis repositories in DEFAULT mode.
24-06-16.18:32:19.544 [main            ] INFO  RepositoryConfigurationDelegate - Finished Spring Data repository scanning in 15 ms. Found 0 Redis repository interfaces.
24-06-16.18:32:21.374 [main            ] INFO  Version                - Redisson 3.23.4
24-06-16.18:32:22.554 [redisson-netty-2-5] INFO  MasterPubSubConnectionPool - 1 connections initialized for 117.72.77.81/117.72.77.81:16379
24-06-16.18:32:23.027 [redisson-netty-2-13] INFO  MasterConnectionPool   - 5 connections initialized for 117.72.77.81/117.72.77.81:16379
24-06-16.18:32:24.695 [main            ] INFO  EndpointLinksResolver  - Exposing 1 endpoint(s) beneath base path '/actuator'
24-06-16.18:32:24.754 [main            ] INFO  LogicChainTest         - Started LogicChainTest in 6.436 seconds (JVM running for 7.131)
24-06-16.18:32:29.592 [main            ] INFO  HikariDataSource       - Retail_HikariCP - Starting...
24-06-16.18:32:30.474 [main            ] INFO  HikariDataSource       - Retail_HikariCP - Start completed.
24-06-16.18:32:30.909 [main            ] INFO  LogicChainTest         - 测试结果：true
24-06-16.18:32:31.157 [main            ] INFO  LogicChainTest         - 测试结果：true
24-06-16.18:32:31.209 [main            ] INFO  RuleWeightLogicChain   - 抽奖责任链-权重开始 userId: joyboy strategyId: 100001 ruleModel: rule_weight
24-06-16.18:32:31.331 [main            ] INFO  RuleWeightLogicChain   - 当前用户的积分为66666，将采取权重规则：6000:108,109
24-06-16.18:32:31.415 [main            ] INFO  RuleWeightLogicChain   - 抽奖责任链-【权重节点】 userId: joyboy strategyId: 100001 ruleModel: rule_weight awardId: 109
24-06-16.18:32:31.416 [main            ] INFO  LogicChainTest         - 测试结果：109
24-06-16.18:32:31.416 [main            ] INFO  RuleWeightLogicChain   - 抽奖责任链-权重开始 userId: joyboy strategyId: 100001 ruleModel: rule_weight
24-06-16.18:32:31.460 [main            ] INFO  RuleWeightLogicChain   - 当前用户的积分为66666，将采取权重规则：6000:108,109
24-06-16.18:32:31.558 [main            ] INFO  RuleWeightLogicChain   - 抽奖责任链-【权重节点】 userId: joyboy strategyId: 100001 ruleModel: rule_weight awardId: 109
24-06-16.18:32:31.558 [main            ] INFO  LogicChainTest         - 测试结果：109
24-06-16.18:32:31.558 [main            ] INFO  RuleWeightLogicChain   - 抽奖责任链-权重开始 userId: joyboy strategyId: 100001 ruleModel: rule_weight
24-06-16.18:32:31.615 [main            ] INFO  RuleWeightLogicChain   - 当前用户的积分为66666，将采取权重规则：6000:108,109
24-06-16.18:32:31.715 [main            ] INFO  RuleWeightLogicChain   - 抽奖责任链-【权重节点】 userId: joyboy strategyId: 100001 ruleModel: rule_weight awardId: 108
24-06-16.18:32:31.715 [main            ] INFO  LogicChainTest         - 测试结果：108
24-06-16.18:32:31.716 [main            ] INFO  RuleWeightLogicChain   - 抽奖责任链-权重开始 userId: joyboy strategyId: 100001 ruleModel: rule_weight
24-06-16.18:32:31.779 [main            ] INFO  RuleWeightLogicChain   - 当前用户的积分为66666，将采取权重规则：6000:108,109
24-06-16.18:32:31.873 [main            ] INFO  RuleWeightLogicChain   - 抽奖责任链-【权重节点】 userId: joyboy strategyId: 100001 ruleModel: rule_weight awardId: 109
24-06-16.18:32:31.876 [main            ] INFO  LogicChainTest         - 测试结果：109
24-06-16.18:32:31.877 [main            ] INFO  RuleWeightLogicChain   - 抽奖责任链-权重开始 userId: joyboy strategyId: 100001 ruleModel: rule_weight
24-06-16.18:32:31.919 [main            ] INFO  RuleWeightLogicChain   - 当前用户的积分为66666，将采取权重规则：6000:108,109
24-06-16.18:32:32.022 [main            ] INFO  RuleWeightLogicChain   - 抽奖责任链-【权重节点】 userId: joyboy strategyId: 100001 ruleModel: rule_weight awardId: 109
24-06-16.18:32:32.022 [main            ] INFO  LogicChainTest         - 测试结果：109
24-06-16.18:32:32.119 [SpringApplicationShutdownHook] INFO  HikariDataSource       - Retail_HikariCP - Shutdown initiated...
24-06-16.18:32:32.430 [SpringApplicationShutdownHook] INFO  HikariDataSource       - Retail_HikariCP - Shutdown completed.
24-06-16.18:34:46.702 [main            ] INFO  LogicChainTest         - Starting LogicChainTest using Java 1.8.0_402 on wyh-machine with PID 13528 (started by 98389 in E:\Java_code\MMarket\MMarket-app)
24-06-16.18:34:46.705 [main            ] INFO  LogicChainTest         - The following 1 profile is active: "dev"
24-06-16.18:34:47.455 [main            ] INFO  RepositoryConfigurationDelegate - Multiple Spring Data modules found, entering strict repository configuration mode
24-06-16.18:34:47.457 [main            ] INFO  RepositoryConfigurationDelegate - Bootstrapping Spring Data Redis repositories in DEFAULT mode.
24-06-16.18:34:47.485 [main            ] INFO  RepositoryConfigurationDelegate - Finished Spring Data repository scanning in 16 ms. Found 0 Redis repository interfaces.
24-06-16.18:34:49.274 [main            ] INFO  Version                - Redisson 3.23.4
24-06-16.18:34:50.353 [redisson-netty-2-4] INFO  MasterPubSubConnectionPool - 1 connections initialized for 117.72.77.81/117.72.77.81:16379
24-06-16.18:34:50.787 [redisson-netty-2-13] INFO  MasterConnectionPool   - 5 connections initialized for 117.72.77.81/117.72.77.81:16379
24-06-16.18:34:52.570 [main            ] INFO  EndpointLinksResolver  - Exposing 1 endpoint(s) beneath base path '/actuator'
24-06-16.18:34:52.654 [main            ] INFO  LogicChainTest         - Started LogicChainTest in 6.291 seconds (JVM running for 6.995)
24-06-16.18:34:53.440 [main            ] INFO  HikariDataSource       - Retail_HikariCP - Starting...
24-06-16.18:34:54.280 [main            ] INFO  HikariDataSource       - Retail_HikariCP - Start completed.
24-06-16.18:34:54.960 [main            ] INFO  LogicChainTest         - 测试结果：true
24-06-16.18:34:55.570 [SpringApplicationShutdownHook] INFO  HikariDataSource       - Retail_HikariCP - Shutdown initiated...
24-06-16.18:34:55.857 [SpringApplicationShutdownHook] INFO  HikariDataSource       - Retail_HikariCP - Shutdown completed.
24-06-16.18:35:52.869 [main            ] INFO  LogicChainTest         - Starting LogicChainTest using Java 1.8.0_402 on wyh-machine with PID 29272 (started by 98389 in E:\Java_code\MMarket\MMarket-app)
24-06-16.18:35:52.870 [main            ] INFO  LogicChainTest         - The following 1 profile is active: "dev"
24-06-16.18:35:53.725 [main            ] INFO  RepositoryConfigurationDelegate - Multiple Spring Data modules found, entering strict repository configuration mode
24-06-16.18:35:53.727 [main            ] INFO  RepositoryConfigurationDelegate - Bootstrapping Spring Data Redis repositories in DEFAULT mode.
24-06-16.18:35:53.756 [main            ] INFO  RepositoryConfigurationDelegate - Finished Spring Data repository scanning in 16 ms. Found 0 Redis repository interfaces.
24-06-16.18:35:55.607 [main            ] INFO  Version                - Redisson 3.23.4
24-06-16.18:35:56.726 [redisson-netty-2-5] INFO  MasterPubSubConnectionPool - 1 connections initialized for 117.72.77.81/117.72.77.81:16379
24-06-16.18:35:57.288 [redisson-netty-2-13] INFO  MasterConnectionPool   - 5 connections initialized for 117.72.77.81/117.72.77.81:16379
24-06-16.18:35:59.356 [main            ] INFO  EndpointLinksResolver  - Exposing 1 endpoint(s) beneath base path '/actuator'
24-06-16.18:35:59.421 [main            ] INFO  LogicChainTest         - Started LogicChainTest in 6.926 seconds (JVM running for 8.265)
24-06-16.18:36:38.251 [main            ] INFO  HikariDataSource       - Retail_HikariCP - Starting...
24-06-16.18:36:39.091 [main            ] INFO  HikariDataSource       - Retail_HikariCP - Start completed.
24-06-16.18:36:41.286 [main            ] INFO  LogicChainTest         - 测试结果：true
24-06-16.18:37:33.867 [Retail_HikariCP housekeeper] WARN  HikariPool             - Retail_HikariCP - Thread starvation or clock leap detected (housekeeper delta=52s955ms915µs600ns).
24-06-16.18:53:36.020 [Retail_HikariCP housekeeper] WARN  HikariPool             - Retail_HikariCP - Thread starvation or clock leap detected (housekeeper delta=16m2s152ms194µs300ns).
24-06-16.18:54:48.637 [Retail_HikariCP housekeeper] WARN  HikariPool             - Retail_HikariCP - Thread starvation or clock leap detected (housekeeper delta=1m12s618ms486µs600ns).
24-06-16.18:54:48.641 [redisson-timer-4-1] ERROR PingConnectionHandler  - Unable to send PING command over channel: [id: 0xaa0b6f09, L:/172.20.10.9:58344 - R:117.72.77.81/117.72.77.81:16379]
org.redisson.client.RedisTimeoutException: Command execution timeout for command: (PING), params: [], Redis client: [addr=redis://117.72.77.81:16379]
	at org.redisson.client.RedisConnection.lambda$async$0(RedisConnection.java:256)
	at io.netty.util.HashedWheelTimer$HashedWheelTimeout.run(HashedWheelTimer.java:715)
	at io.netty.util.concurrent.ImmediateExecutor.execute(ImmediateExecutor.java:34)
	at io.netty.util.HashedWheelTimer$HashedWheelTimeout.expire(HashedWheelTimer.java:703)
	at io.netty.util.HashedWheelTimer$HashedWheelBucket.expireTimeouts(HashedWheelTimer.java:790)
	at io.netty.util.HashedWheelTimer$Worker.run(HashedWheelTimer.java:503)
	at io.netty.util.concurrent.FastThreadLocalRunnable.run(FastThreadLocalRunnable.java:30)
	at java.lang.Thread.run(Thread.java:750)
24-06-16.18:54:48.781 [SpringApplicationShutdownHook] INFO  HikariDataSource       - Retail_HikariCP - Shutdown initiated...
24-06-16.18:54:49.249 [SpringApplicationShutdownHook] INFO  HikariDataSource       - Retail_HikariCP - Shutdown completed.
24-06-16.18:56:30.344 [main            ] INFO  LogicChainTest         - Starting LogicChainTest using Java 1.8.0_402 on wyh-machine with PID 25872 (started by 98389 in E:\Java_code\MMarket\MMarket-app)
24-06-16.18:56:30.345 [main            ] INFO  LogicChainTest         - The following 1 profile is active: "dev"
24-06-16.18:56:31.041 [main            ] INFO  RepositoryConfigurationDelegate - Multiple Spring Data modules found, entering strict repository configuration mode
24-06-16.18:56:31.043 [main            ] INFO  RepositoryConfigurationDelegate - Bootstrapping Spring Data Redis repositories in DEFAULT mode.
24-06-16.18:56:31.068 [main            ] INFO  RepositoryConfigurationDelegate - Finished Spring Data repository scanning in 13 ms. Found 0 Redis repository interfaces.
24-06-16.18:56:32.800 [main            ] INFO  Version                - Redisson 3.23.4
24-06-16.18:56:33.962 [redisson-netty-2-4] INFO  MasterPubSubConnectionPool - 1 connections initialized for 117.72.77.81/117.72.77.81:16379
24-06-16.18:56:34.404 [redisson-netty-2-13] INFO  MasterConnectionPool   - 5 connections initialized for 117.72.77.81/117.72.77.81:16379
24-06-16.18:56:36.196 [main            ] INFO  EndpointLinksResolver  - Exposing 1 endpoint(s) beneath base path '/actuator'
24-06-16.18:56:36.259 [main            ] INFO  LogicChainTest         - Started LogicChainTest in 6.24 seconds (JVM running for 6.94)
24-06-16.18:56:37.188 [main            ] INFO  HikariDataSource       - Retail_HikariCP - Starting...
24-06-16.18:56:38.020 [main            ] INFO  HikariDataSource       - Retail_HikariCP - Start completed.
24-06-16.18:56:38.431 [main            ] INFO  LogicChainTest         - 测试结果：true
24-06-16.18:56:38.826 [SpringApplicationShutdownHook] INFO  HikariDataSource       - Retail_HikariCP - Shutdown initiated...
24-06-16.18:56:39.135 [SpringApplicationShutdownHook] INFO  HikariDataSource       - Retail_HikariCP - Shutdown completed.
24-06-16.18:58:13.142 [main            ] INFO  LogicChainTest         - Starting LogicChainTest using Java 1.8.0_402 on wyh-machine with PID 4220 (started by 98389 in E:\Java_code\MMarket\MMarket-app)
24-06-16.18:58:13.142 [main            ] INFO  LogicChainTest         - The following 1 profile is active: "dev"
24-06-16.18:58:13.878 [main            ] INFO  RepositoryConfigurationDelegate - Multiple Spring Data modules found, entering strict repository configuration mode
24-06-16.18:58:13.881 [main            ] INFO  RepositoryConfigurationDelegate - Bootstrapping Spring Data Redis repositories in DEFAULT mode.
24-06-16.18:58:13.907 [main            ] INFO  RepositoryConfigurationDelegate - Finished Spring Data repository scanning in 10 ms. Found 0 Redis repository interfaces.
24-06-16.18:58:15.622 [main            ] INFO  Version                - Redisson 3.23.4
24-06-16.18:58:16.777 [redisson-netty-2-4] INFO  MasterPubSubConnectionPool - 1 connections initialized for 117.72.77.81/117.72.77.81:16379
24-06-16.18:58:17.192 [redisson-netty-2-13] INFO  MasterConnectionPool   - 5 connections initialized for 117.72.77.81/117.72.77.81:16379
24-06-16.18:58:18.960 [main            ] INFO  EndpointLinksResolver  - Exposing 1 endpoint(s) beneath base path '/actuator'
24-06-16.18:58:19.032 [main            ] INFO  LogicChainTest         - Started LogicChainTest in 6.233 seconds (JVM running for 6.934)
24-06-16.18:58:19.842 [main            ] INFO  HikariDataSource       - Retail_HikariCP - Starting...
24-06-16.18:58:20.658 [main            ] INFO  HikariDataSource       - Retail_HikariCP - Start completed.
24-06-16.18:58:21.062 [main            ] INFO  LogicChainTest         - 测试结果：true
24-06-16.18:58:21.474 [SpringApplicationShutdownHook] INFO  HikariDataSource       - Retail_HikariCP - Shutdown initiated...
24-06-16.18:58:21.871 [SpringApplicationShutdownHook] INFO  HikariDataSource       - Retail_HikariCP - Shutdown completed.
24-06-16.18:59:33.360 [main            ] INFO  LogicChainTest         - Starting LogicChainTest using Java 1.8.0_402 on wyh-machine with PID 2192 (started by 98389 in E:\Java_code\MMarket\MMarket-app)
24-06-16.18:59:33.361 [main            ] INFO  LogicChainTest         - The following 1 profile is active: "dev"
24-06-16.18:59:34.141 [main            ] INFO  RepositoryConfigurationDelegate - Multiple Spring Data modules found, entering strict repository configuration mode
24-06-16.18:59:34.148 [main            ] INFO  RepositoryConfigurationDelegate - Bootstrapping Spring Data Redis repositories in DEFAULT mode.
24-06-16.18:59:34.175 [main            ] INFO  RepositoryConfigurationDelegate - Finished Spring Data repository scanning in 12 ms. Found 0 Redis repository interfaces.
24-06-16.18:59:35.902 [main            ] INFO  Version                - Redisson 3.23.4
24-06-16.18:59:37.038 [redisson-netty-2-4] INFO  MasterPubSubConnectionPool - 1 connections initialized for 117.72.77.81/117.72.77.81:16379
24-06-16.18:59:37.466 [redisson-netty-2-13] INFO  MasterConnectionPool   - 5 connections initialized for 117.72.77.81/117.72.77.81:16379
24-06-16.18:59:39.227 [main            ] INFO  EndpointLinksResolver  - Exposing 1 endpoint(s) beneath base path '/actuator'
24-06-16.18:59:39.287 [main            ] INFO  LogicChainTest         - Started LogicChainTest in 6.263 seconds (JVM running for 6.991)
24-06-16.18:59:39.706 [main            ] INFO  HikariDataSource       - Retail_HikariCP - Starting...
24-06-16.18:59:40.589 [main            ] INFO  HikariDataSource       - Retail_HikariCP - Start completed.
24-06-16.18:59:41.567 [main            ] INFO  LogicChainTest         - 测试结果：true
24-06-16.18:59:41.972 [main            ] INFO  LogicChainTest         - 测试结果：true
24-06-16.18:59:42.574 [main            ] INFO  LogicChainTest         - 测试结果：true
24-06-16.18:59:42.630 [main            ] INFO  RuleWeightLogicChain   - 抽奖责任链-权重开始 userId: user001 strategyId: 100001 ruleModel: rule_weight
24-06-16.18:59:42.703 [main            ] INFO  RuleWeightLogicChain   - 当前用户的积分为0，将采取权重规则：null
24-06-16.18:59:42.703 [main            ] INFO  RuleWeightLogicChain   - 抽奖责任链-【权重节点】 userId: user001 strategyId: 100001 ruleModel: rule_weight
24-06-16.18:59:42.703 [main            ] INFO  BlackListLogicChain    - 抽奖责任链-黑名单开始 userId: user001 strategyId: 100001 ruleModel: rule_blacklist
24-06-16.18:59:42.754 [main            ] INFO  BlackListLogicChain    - 抽奖责任链-【黑名单节点】 userId: user001 strategyId: 100001 ruleModel: rule_blacklist awardId: 100
24-06-16.18:59:42.754 [main            ] INFO  LogicChainTest         - 测试结果：100
24-06-16.18:59:42.754 [main            ] INFO  RuleWeightLogicChain   - 抽奖责任链-权重开始 userId: user001 strategyId: 100001 ruleModel: rule_weight
24-06-16.18:59:42.830 [main            ] INFO  RuleWeightLogicChain   - 当前用户的积分为0，将采取权重规则：null
24-06-16.18:59:42.830 [main            ] INFO  RuleWeightLogicChain   - 抽奖责任链-【权重节点】 userId: user001 strategyId: 100001 ruleModel: rule_weight
24-06-16.18:59:42.830 [main            ] INFO  BlackListLogicChain    - 抽奖责任链-黑名单开始 userId: user001 strategyId: 100001 ruleModel: rule_blacklist
24-06-16.18:59:42.883 [main            ] INFO  BlackListLogicChain    - 抽奖责任链-【黑名单节点】 userId: user001 strategyId: 100001 ruleModel: rule_blacklist awardId: 100
24-06-16.18:59:42.883 [main            ] INFO  LogicChainTest         - 测试结果：100
24-06-16.18:59:42.883 [main            ] INFO  RuleWeightLogicChain   - 抽奖责任链-权重开始 userId: user001 strategyId: 100001 ruleModel: rule_weight
24-06-16.18:59:42.937 [main            ] INFO  RuleWeightLogicChain   - 当前用户的积分为0，将采取权重规则：null
24-06-16.18:59:42.937 [main            ] INFO  RuleWeightLogicChain   - 抽奖责任链-【权重节点】 userId: user001 strategyId: 100001 ruleModel: rule_weight
24-06-16.18:59:42.937 [main            ] INFO  BlackListLogicChain    - 抽奖责任链-黑名单开始 userId: user001 strategyId: 100001 ruleModel: rule_blacklist
24-06-16.18:59:42.998 [main            ] INFO  BlackListLogicChain    - 抽奖责任链-【黑名单节点】 userId: user001 strategyId: 100001 ruleModel: rule_blacklist awardId: 100
24-06-16.18:59:42.999 [main            ] INFO  LogicChainTest         - 测试结果：100
24-06-16.18:59:42.999 [main            ] INFO  RuleWeightLogicChain   - 抽奖责任链-权重开始 userId: user001 strategyId: 100001 ruleModel: rule_weight
24-06-16.18:59:43.057 [main            ] INFO  RuleWeightLogicChain   - 当前用户的积分为0，将采取权重规则：null
24-06-16.18:59:43.057 [main            ] INFO  RuleWeightLogicChain   - 抽奖责任链-【权重节点】 userId: user001 strategyId: 100001 ruleModel: rule_weight
24-06-16.18:59:43.057 [main            ] INFO  BlackListLogicChain    - 抽奖责任链-黑名单开始 userId: user001 strategyId: 100001 ruleModel: rule_blacklist
24-06-16.18:59:43.102 [main            ] INFO  BlackListLogicChain    - 抽奖责任链-【黑名单节点】 userId: user001 strategyId: 100001 ruleModel: rule_blacklist awardId: 100
24-06-16.18:59:43.102 [main            ] INFO  LogicChainTest         - 测试结果：100
24-06-16.18:59:43.102 [main            ] INFO  RuleWeightLogicChain   - 抽奖责任链-权重开始 userId: user001 strategyId: 100001 ruleModel: rule_weight
24-06-16.18:59:43.149 [main            ] INFO  RuleWeightLogicChain   - 当前用户的积分为0，将采取权重规则：null
24-06-16.18:59:43.149 [main            ] INFO  RuleWeightLogicChain   - 抽奖责任链-【权重节点】 userId: user001 strategyId: 100001 ruleModel: rule_weight
24-06-16.18:59:43.150 [main            ] INFO  BlackListLogicChain    - 抽奖责任链-黑名单开始 userId: user001 strategyId: 100001 ruleModel: rule_blacklist
24-06-16.18:59:43.233 [main            ] INFO  BlackListLogicChain    - 抽奖责任链-【黑名单节点】 userId: user001 strategyId: 100001 ruleModel: rule_blacklist awardId: 100
24-06-16.18:59:43.233 [main            ] INFO  LogicChainTest         - 测试结果：100
24-06-16.18:59:43.322 [SpringApplicationShutdownHook] INFO  HikariDataSource       - Retail_HikariCP - Shutdown initiated...
24-06-16.18:59:43.720 [SpringApplicationShutdownHook] INFO  HikariDataSource       - Retail_HikariCP - Shutdown completed.
